{"/home/travis/build/npmtest/node-npmtest-npm-registry/test.js":{"path":"/home/travis/build/npmtest/node-npmtest-npm-registry/test.js","s":{"1":2,"2":2,"3":2,"4":2,"5":2,"6":2,"7":2,"8":1,"9":2,"10":2,"11":1,"12":1,"13":1,"14":1,"15":2,"16":2,"17":2,"18":2,"19":1,"20":1,"21":2,"22":2,"23":2,"24":1,"25":1,"26":1,"27":1,"28":1,"29":1,"30":1,"31":1,"32":1,"33":1,"34":1,"35":1,"36":1,"37":1,"38":1,"39":2,"40":2,"41":1,"42":2,"43":2,"44":1,"45":2,"46":2,"47":1,"48":2,"49":2,"50":1,"51":1,"52":1,"53":1,"54":1},"b":{"1":[2,1,1,1],"2":[1,1,1,1],"3":[1,1],"4":[1,1],"5":[1,1],"6":[1,1],"7":[1,1],"8":[1,1],"9":[1,1],"10":[1,1,1],"11":[1,1],"12":[1,1],"13":[1,1],"14":[1,1],"15":[1,1],"16":[1,1],"17":[1,1]},"f":{"1":2,"2":2,"3":2,"4":2,"5":2,"6":1,"7":1,"8":1,"9":2,"10":2,"11":2,"12":2,"13":1},"fnMap":{"1":{"name":"(anonymous_1)","line":12,"loc":{"start":{"line":12,"column":1},"end":{"line":12,"column":13}}},"2":{"name":"(anonymous_2)","line":19,"loc":{"start":{"line":19,"column":5},"end":{"line":19,"column":17}}},"3":{"name":"(anonymous_3)","line":23,"loc":{"start":{"line":23,"column":24},"end":{"line":23,"column":36}}},"4":{"name":"(anonymous_4)","line":61,"loc":{"start":{"line":61,"column":5},"end":{"line":61,"column":17}}},"5":{"name":"(anonymous_5)","line":82,"loc":{"start":{"line":82,"column":5},"end":{"line":82,"column":17}}},"6":{"name":"(anonymous_6)","line":91,"loc":{"start":{"line":91,"column":77},"end":{"line":94,"column":10}}},"7":{"name":"(anonymous_7)","line":112,"loc":{"start":{"line":112,"column":83},"end":{"line":115,"column":10}},"skip":true},"8":{"name":"(anonymous_8)","line":123,"loc":{"start":{"line":123,"column":77},"end":{"line":126,"column":10}},"skip":true},"9":{"name":"(anonymous_9)","line":139,"loc":{"start":{"line":139,"column":12},"end":{"line":139,"column":40}},"skip":true},"10":{"name":"(anonymous_10)","line":147,"loc":{"start":{"line":147,"column":77},"end":{"line":150,"column":10}},"skip":true},"11":{"name":"(anonymous_11)","line":158,"loc":{"start":{"line":158,"column":83},"end":{"line":161,"column":10}},"skip":true},"12":{"name":"(anonymous_12)","line":169,"loc":{"start":{"line":169,"column":79},"end":{"line":172,"column":10}},"skip":true},"13":{"name":"(anonymous_13)","line":180,"loc":{"start":{"line":180,"column":75},"end":{"line":183,"column":10}},"skip":true}},"statementMap":{"1":{"start":{"line":12,"column":0},"end":{"line":195,"column":5}},"2":{"start":{"line":14,"column":4},"end":{"line":14,"column":14}},"3":{"start":{"line":19,"column":4},"end":{"line":56,"column":9}},"4":{"start":{"line":21,"column":8},"end":{"line":21,"column":19}},"5":{"start":{"line":23,"column":8},"end":{"line":35,"column":13}},"6":{"start":{"line":24,"column":12},"end":{"line":34,"column":13}},"7":{"start":{"line":25,"column":16},"end":{"line":28,"column":30}},"8":{"start":{"line":30,"column":16},"end":{"line":33,"column":27}},"9":{"start":{"line":37,"column":8},"end":{"line":39,"column":21}},"10":{"start":{"line":40,"column":8},"end":{"line":53,"column":9}},"11":{"start":{"line":43,"column":12},"end":{"line":46,"column":14}},"12":{"start":{"line":47,"column":12},"end":{"line":47,"column":18}},"13":{"start":{"line":50,"column":12},"end":{"line":51,"column":46}},"14":{"start":{"line":52,"column":12},"end":{"line":52,"column":18}},"15":{"start":{"line":55,"column":8},"end":{"line":55,"column":35}},"16":{"start":{"line":61,"column":4},"end":{"line":63,"column":9}},"17":{"start":{"line":62,"column":8},"end":{"line":62,"column":15}},"18":{"start":{"line":64,"column":4},"end":{"line":77,"column":5}},"19":{"start":{"line":70,"column":8},"end":{"line":70,"column":14}},"20":{"start":{"line":76,"column":8},"end":{"line":76,"column":14}},"21":{"start":{"line":82,"column":4},"end":{"line":84,"column":9}},"22":{"start":{"line":83,"column":8},"end":{"line":83,"column":15}},"23":{"start":{"line":85,"column":4},"end":{"line":194,"column":5}},"24":{"start":{"line":91,"column":8},"end":{"line":99,"column":10}},"25":{"start":{"line":98,"column":12},"end":{"line":98,"column":35}},"26":{"start":{"line":102,"column":8},"end":{"line":104,"column":63}},"27":{"start":{"line":105,"column":8},"end":{"line":105,"column":14}},"28":{"start":{"line":112,"column":8},"end":{"line":121,"column":10},"skip":true},"29":{"start":{"line":119,"column":12},"end":{"line":119,"column":55},"skip":true},"30":{"start":{"line":120,"column":12},"end":{"line":120,"column":48},"skip":true},"31":{"start":{"line":123,"column":8},"end":{"line":136,"column":10},"skip":true},"32":{"start":{"line":130,"column":12},"end":{"line":130,"column":76},"skip":true},"33":{"start":{"line":131,"column":12},"end":{"line":131,"column":73},"skip":true},"34":{"start":{"line":132,"column":12},"end":{"line":132,"column":74},"skip":true},"35":{"start":{"line":133,"column":12},"end":{"line":133,"column":79},"skip":true},"36":{"start":{"line":134,"column":12},"end":{"line":134,"column":25},"skip":true},"37":{"start":{"line":135,"column":12},"end":{"line":135,"column":45},"skip":true},"38":{"start":{"line":138,"column":8},"end":{"line":145,"column":14},"skip":true},"39":{"start":{"line":143,"column":16},"end":{"line":143,"column":29},"skip":true},"40":{"start":{"line":144,"column":16},"end":{"line":144,"column":55},"skip":true},"41":{"start":{"line":147,"column":8},"end":{"line":156,"column":10},"skip":true},"42":{"start":{"line":154,"column":12},"end":{"line":154,"column":25},"skip":true},"43":{"start":{"line":155,"column":12},"end":{"line":155,"column":45},"skip":true},"44":{"start":{"line":158,"column":8},"end":{"line":167,"column":10},"skip":true},"45":{"start":{"line":165,"column":12},"end":{"line":165,"column":25},"skip":true},"46":{"start":{"line":166,"column":12},"end":{"line":166,"column":48},"skip":true},"47":{"start":{"line":169,"column":8},"end":{"line":178,"column":10},"skip":true},"48":{"start":{"line":176,"column":12},"end":{"line":176,"column":25},"skip":true},"49":{"start":{"line":177,"column":12},"end":{"line":177,"column":46},"skip":true},"50":{"start":{"line":180,"column":8},"end":{"line":189,"column":10},"skip":true},"51":{"start":{"line":187,"column":12},"end":{"line":187,"column":94},"skip":true},"52":{"start":{"line":188,"column":12},"end":{"line":188,"column":48},"skip":true},"53":{"start":{"line":192,"column":8},"end":{"line":192,"column":35},"skip":true},"54":{"start":{"line":193,"column":8},"end":{"line":193,"column":14},"skip":true}},"branchMap":{"1":{"line":25,"type":"binary-expr","locations":[{"start":{"line":25,"column":23},"end":{"line":25,"column":62}},{"start":{"line":26,"column":20},"end":{"line":26,"column":70}},{"start":{"line":27,"column":20},"end":{"line":27,"column":71}},{"start":{"line":28,"column":20},"end":{"line":28,"column":29}}]},"2":{"line":30,"type":"binary-expr","locations":[{"start":{"line":30,"column":23},"end":{"line":30,"column":37}},{"start":{"line":31,"column":20},"end":{"line":31,"column":61}},{"start":{"line":32,"column":20},"end":{"line":32,"column":70}},{"start":{"line":33,"column":20},"end":{"line":33,"column":26}}]},"3":{"line":37,"type":"cond-expr","locations":[{"start":{"line":38,"column":14},"end":{"line":38,"column":20}},{"start":{"line":39,"column":14},"end":{"line":39,"column":20}}]},"4":{"line":40,"type":"switch","locations":[{"start":{"line":42,"column":8},"end":{"line":47,"column":18}},{"start":{"line":49,"column":8},"end":{"line":52,"column":18}}]},"5":{"line":44,"type":"binary-expr","locations":[{"start":{"line":44,"column":16},"end":{"line":44,"column":44}},{"start":{"line":44,"column":48},"end":{"line":44,"column":66}}]},"6":{"line":50,"type":"binary-expr","locations":[{"start":{"line":50,"column":21},"end":{"line":50,"column":49}},{"start":{"line":50,"column":53},"end":{"line":50,"column":72}}]},"7":{"line":64,"type":"switch","locations":[{"start":{"line":69,"column":4},"end":{"line":70,"column":14}},{"start":{"line":75,"column":4},"end":{"line":76,"column":14}}]},"8":{"line":85,"type":"switch","locations":[{"start":{"line":90,"column":4},"end":{"line":105,"column":14}},{"start":{"line":111,"column":4},"end":{"line":193,"column":14},"skip":true}]},"9":{"line":91,"type":"binary-expr","locations":[{"start":{"line":91,"column":42},"end":{"line":91,"column":73}},{"start":{"line":91,"column":77},"end":{"line":99,"column":9}}]},"10":{"line":102,"type":"binary-expr","locations":[{"start":{"line":102,"column":18},"end":{"line":102,"column":32}},{"start":{"line":103,"column":12},"end":{"line":103,"column":53}},{"start":{"line":104,"column":12},"end":{"line":104,"column":61}}]},"11":{"line":112,"type":"binary-expr","locations":[{"start":{"line":112,"column":45},"end":{"line":112,"column":79},"skip":true},{"start":{"line":112,"column":83},"end":{"line":121,"column":9},"skip":true}]},"12":{"line":123,"type":"binary-expr","locations":[{"start":{"line":123,"column":42},"end":{"line":123,"column":73},"skip":true},{"start":{"line":123,"column":77},"end":{"line":136,"column":9},"skip":true}]},"13":{"line":138,"type":"binary-expr","locations":[{"start":{"line":138,"column":48},"end":{"line":138,"column":85},"skip":true},{"start":{"line":139,"column":12},"end":{"line":145,"column":13},"skip":true}]},"14":{"line":147,"type":"binary-expr","locations":[{"start":{"line":147,"column":42},"end":{"line":147,"column":73},"skip":true},{"start":{"line":147,"column":77},"end":{"line":156,"column":9},"skip":true}]},"15":{"line":158,"type":"binary-expr","locations":[{"start":{"line":158,"column":45},"end":{"line":158,"column":79},"skip":true},{"start":{"line":158,"column":83},"end":{"line":167,"column":9},"skip":true}]},"16":{"line":169,"type":"binary-expr","locations":[{"start":{"line":169,"column":43},"end":{"line":169,"column":75},"skip":true},{"start":{"line":169,"column":79},"end":{"line":178,"column":9},"skip":true}]},"17":{"line":180,"type":"binary-expr","locations":[{"start":{"line":180,"column":41},"end":{"line":180,"column":71},"skip":true},{"start":{"line":180,"column":75},"end":{"line":189,"column":9},"skip":true}]}},"code":["/* istanbul instrument in package npmtest_npm_registry */","/*jslint","    bitwise: true,","    browser: true,","    maxerr: 8,","    maxlen: 96,","    node: true,","    nomen: true,","    regexp: true,","    stupid: true","*/","(function () {","    'use strict';","    var local;","","","","    // run shared js-env code - pre-init","    (function () {","        // init local","        local = {};","        // init modeJs","        local.modeJs = (function () {","            try {","                return typeof navigator.userAgent === 'string' &&","                    typeof document.querySelector('body') === 'object' &&","                    typeof XMLHttpRequest.prototype.open === 'function' &&","                    'browser';","            } catch (errorCaughtBrowser) {","                return module.exports &&","                    typeof process.versions.node === 'string' &&","                    typeof require('http').createServer === 'function' &&","                    'node';","            }","        }());","        // init global","        local.global = local.modeJs === 'browser'","            ? window","            : global;","        switch (local.modeJs) {","        // re-init local from window.local","        case 'browser':","            local = local.global.utility2.objectSetDefault(","                local.global.utility2_rollup || local.global.local,","                local.global.utility2","            );","            break;","        // re-init local from example.js","        case 'node':","            local = (local.global.utility2_rollup || require('utility2'))","                .requireExampleJsFromReadme();","            break;","        }","        // export local","        local.global.local = local;","    }());","","","","    // run shared js-env code - function","    (function () {","        return;","    }());","    switch (local.modeJs) {","","","","    // run browser js-env code - function","    case 'browser':","        break;","","","","    // run node js-env code - function","    case 'node':","        break;","    }","","","","    // run shared js-env code - post-init","    (function () {","        return;","    }());","    switch (local.modeJs) {","","","","    // run browser js-env code - post-init","    case 'browser':","        local.testCase_browser_nullCase = local.testCase_browser_nullCase || function (","            options,","            onError","        ) {","        /*","         * this function will test browsers's null-case handling-behavior-behavior","         */","            onError(null, options);","        };","","        // run tests","        local.nop(local.modeTest &&","            document.querySelector('#testRunButton1') &&","            document.querySelector('#testRunButton1').click());","        break;","","","","    // run node js-env code - post-init","    /* istanbul ignore next */","    case 'node':","        local.testCase_buildApidoc_default = local.testCase_buildApidoc_default || function (","            options,","            onError","        ) {","        /*","         * this function will test buildApidoc's default handling-behavior-behavior","         */","            options = { modulePathList: module.paths };","            local.buildApidoc(options, onError);","        };","","        local.testCase_buildApp_default = local.testCase_buildApp_default || function (","            options,","            onError","        ) {","        /*","         * this function will test buildApp's default handling-behavior-behavior","         */","            local.testCase_buildReadme_default(options, local.onErrorThrow);","            local.testCase_buildLib_default(options, local.onErrorThrow);","            local.testCase_buildTest_default(options, local.onErrorThrow);","            local.testCase_buildCustomOrg_default(options, local.onErrorThrow);","            options = [];","            local.buildApp(options, onError);","        };","","        local.testCase_buildCustomOrg_default = local.testCase_buildCustomOrg_default ||","            function (options, onError) {","            /*","             * this function will test buildCustomOrg's default handling-behavior","             */","                options = {};","                local.buildCustomOrg(options, onError);","            };","","        local.testCase_buildLib_default = local.testCase_buildLib_default || function (","            options,","            onError","        ) {","        /*","         * this function will test buildLib's default handling-behavior","         */","            options = {};","            local.buildLib(options, onError);","        };","","        local.testCase_buildReadme_default = local.testCase_buildReadme_default || function (","            options,","            onError","        ) {","        /*","         * this function will test buildReadme's default handling-behavior-behavior","         */","            options = {};","            local.buildReadme(options, onError);","        };","","        local.testCase_buildTest_default = local.testCase_buildTest_default || function (","            options,","            onError","        ) {","        /*","         * this function will test buildTest's default handling-behavior","         */","            options = {};","            local.buildTest(options, onError);","        };","","        local.testCase_webpage_default = local.testCase_webpage_default || function (","            options,","            onError","        ) {","        /*","         * this function will test webpage's default handling-behavior","         */","            options = { modeCoverageMerge: true, url: local.serverLocalHost + '?modeTest=1' };","            local.browserTest(options, onError);","        };","","        // run test-server","        local.testRunServer(local);","        break;","    }","}());",""],"l":{"12":2,"14":2,"19":2,"21":2,"23":2,"24":2,"25":2,"30":1,"37":2,"40":2,"43":1,"47":1,"50":1,"52":1,"55":2,"61":2,"62":2,"64":2,"70":1,"76":1,"82":2,"83":2,"85":2,"91":1,"98":1,"102":1,"105":1,"112":1,"119":1,"120":1,"123":1,"130":1,"131":1,"132":1,"133":1,"134":1,"135":1,"138":1,"143":2,"144":2,"147":1,"154":2,"155":2,"158":1,"165":2,"166":2,"169":1,"176":2,"177":2,"180":1,"187":1,"188":1,"192":1,"193":1}},"/home/travis/build/npmtest/node-npmtest-npm-registry/lib.npmtest_npm_registry.js":{"path":"/home/travis/build/npmtest/node-npmtest-npm-registry/lib.npmtest_npm_registry.js","s":{"1":2,"2":2,"3":2,"4":2,"5":2,"6":2,"7":2,"8":1,"9":2,"10":2,"11":2,"12":2,"13":1,"14":1,"15":1,"16":1},"b":{"1":[2,1,1,1],"2":[1,1,1,1],"3":[1,1],"4":[2,2],"5":[1,1]},"f":{"1":2,"2":2,"3":2},"fnMap":{"1":{"name":"(anonymous_1)","line":12,"loc":{"start":{"line":12,"column":1},"end":{"line":12,"column":13}}},"2":{"name":"(anonymous_2)","line":19,"loc":{"start":{"line":19,"column":5},"end":{"line":19,"column":17}}},"3":{"name":"(anonymous_3)","line":23,"loc":{"start":{"line":23,"column":24},"end":{"line":23,"column":36}}}},"statementMap":{"1":{"start":{"line":12,"column":0},"end":{"line":53,"column":5}},"2":{"start":{"line":14,"column":4},"end":{"line":14,"column":14}},"3":{"start":{"line":19,"column":4},"end":{"line":52,"column":9}},"4":{"start":{"line":21,"column":8},"end":{"line":21,"column":19}},"5":{"start":{"line":23,"column":8},"end":{"line":35,"column":13}},"6":{"start":{"line":24,"column":12},"end":{"line":34,"column":13}},"7":{"start":{"line":25,"column":16},"end":{"line":28,"column":30}},"8":{"start":{"line":30,"column":16},"end":{"line":33,"column":27}},"9":{"start":{"line":37,"column":8},"end":{"line":39,"column":21}},"10":{"start":{"line":41,"column":8},"end":{"line":41,"column":54}},"11":{"start":{"line":43,"column":8},"end":{"line":43,"column":57}},"12":{"start":{"line":45,"column":8},"end":{"line":51,"column":9}},"13":{"start":{"line":46,"column":12},"end":{"line":46,"column":63}},"14":{"start":{"line":48,"column":12},"end":{"line":48,"column":35}},"15":{"start":{"line":49,"column":12},"end":{"line":49,"column":49}},"16":{"start":{"line":50,"column":12},"end":{"line":50,"column":43}}},"branchMap":{"1":{"line":25,"type":"binary-expr","locations":[{"start":{"line":25,"column":23},"end":{"line":25,"column":62}},{"start":{"line":26,"column":20},"end":{"line":26,"column":70}},{"start":{"line":27,"column":20},"end":{"line":27,"column":71}},{"start":{"line":28,"column":20},"end":{"line":28,"column":29}}]},"2":{"line":30,"type":"binary-expr","locations":[{"start":{"line":30,"column":23},"end":{"line":30,"column":37}},{"start":{"line":31,"column":20},"end":{"line":31,"column":61}},{"start":{"line":32,"column":20},"end":{"line":32,"column":70}},{"start":{"line":33,"column":20},"end":{"line":33,"column":26}}]},"3":{"line":37,"type":"cond-expr","locations":[{"start":{"line":38,"column":14},"end":{"line":38,"column":20}},{"start":{"line":39,"column":14},"end":{"line":39,"column":20}}]},"4":{"line":41,"type":"binary-expr","locations":[{"start":{"line":41,"column":16},"end":{"line":41,"column":44}},{"start":{"line":41,"column":48},"end":{"line":41,"column":53}}]},"5":{"line":45,"type":"if","locations":[{"start":{"line":45,"column":8},"end":{"line":45,"column":8}},{"start":{"line":45,"column":8},"end":{"line":45,"column":8}}]}},"code":["/* istanbul instrument in package npmtest_npm_registry */","/*jslint","    bitwise: true,","    browser: true,","    maxerr: 8,","    maxlen: 96,","    node: true,","    nomen: true,","    regexp: true,","    stupid: true","*/","(function () {","    'use strict';","    var local;","","","","    // run shared js-env code - pre-init","    (function () {","        // init local","        local = {};","        // init modeJs","        local.modeJs = (function () {","            try {","                return typeof navigator.userAgent === 'string' &&","                    typeof document.querySelector('body') === 'object' &&","                    typeof XMLHttpRequest.prototype.open === 'function' &&","                    'browser';","            } catch (errorCaughtBrowser) {","                return module.exports &&","                    typeof process.versions.node === 'string' &&","                    typeof require('http').createServer === 'function' &&","                    'node';","            }","        }());","        // init global","        local.global = local.modeJs === 'browser'","            ? window","            : global;","        // init utility2_rollup","        local = local.global.utility2_rollup || local;","        // init lib","        local.local = local.npmtest_npm_registry = local;","        // init exports","        if (local.modeJs === 'browser') {","            local.global.utility2_npmtest_npm_registry = local;","        } else {","            module.exports = local;","            module.exports.__dirname = __dirname;","            module.exports.module = module;","        }","    }());","}());",""],"l":{"12":2,"14":2,"19":2,"21":2,"23":2,"24":2,"25":2,"30":1,"37":2,"41":2,"43":2,"45":2,"46":1,"48":1,"49":1,"50":1}},"/home/travis/build/npmtest/node-npmtest-npm-registry/example.js":{"path":"/home/travis/build/npmtest/node-npmtest-npm-registry/example.js","s":{"1":2,"2":2,"3":2,"4":2,"5":2,"6":2,"7":2,"8":1,"9":2,"10":2,"11":2,"12":2,"13":1,"14":2,"15":2,"16":2,"17":2,"18":2,"19":0,"20":2,"21":1,"22":1,"23":1,"24":1,"25":1,"26":0,"27":0,"28":1,"29":1,"30":2,"31":0,"32":0,"33":0,"34":1,"35":2,"36":2,"37":3,"38":3,"39":3,"40":3,"41":0,"42":3,"43":3,"44":3,"45":1,"46":3,"47":1,"48":1,"49":1,"50":1,"51":1,"52":1,"53":1,"54":1,"55":1,"56":1,"57":0,"58":1,"59":6,"60":6,"61":1,"62":2,"63":0,"64":2,"65":1,"66":1,"67":0,"68":0,"69":0,"70":0,"71":0,"72":0,"73":0,"74":0,"75":0,"76":0,"77":0,"78":0,"79":0,"80":0,"81":0,"82":0,"83":0},"b":{"1":[2,1,1,1],"2":[1,1,1,1],"3":[1,1],"4":[2,2],"5":[1,1],"6":[1,1],"7":[2,0],"8":[2,1,1,1,1,1],"9":[0,2,0],"10":[1,1],"11":[2,1,1],"12":[1,0],"13":[0,2],"14":[2,0,0,0,0,0,0],"15":[0,3],"16":[3,0],"17":[1,1],"18":[0,1],"19":[1,2,0,2],"20":[1,0],"21":[1,1],"22":[0,0],"23":[0,0],"24":[0,0],"25":[0,0],"26":[0,0],"27":[0,0],"28":[0,0]},"f":{"1":2,"2":2,"3":2,"4":2,"5":2,"6":2,"7":3,"8":3,"9":3,"10":1,"11":6,"12":0},"fnMap":{"1":{"name":"(anonymous_1)","line":26,"loc":{"start":{"line":26,"column":1},"end":{"line":26,"column":13}}},"2":{"name":"(anonymous_2)","line":33,"loc":{"start":{"line":33,"column":5},"end":{"line":33,"column":17}}},"3":{"name":"(anonymous_3)","line":37,"loc":{"start":{"line":37,"column":24},"end":{"line":37,"column":36}}},"4":{"name":"(anonymous_4)","line":69,"loc":{"start":{"line":69,"column":31},"end":{"line":69,"column":48}},"skip":true},"5":{"name":"(anonymous_5)","line":78,"loc":{"start":{"line":78,"column":26},"end":{"line":78,"column":45}},"skip":true},"6":{"name":"(anonymous_6)","line":123,"loc":{"start":{"line":123,"column":33},"end":{"line":123,"column":48}},"skip":true},"7":{"name":"(anonymous_7)","line":125,"loc":{"start":{"line":125,"column":27},"end":{"line":125,"column":39}},"skip":true},"8":{"name":"(anonymous_8)","line":133,"loc":{"start":{"line":133,"column":59},"end":{"line":133,"column":74}},"skip":true},"9":{"name":"(anonymous_9)","line":143,"loc":{"start":{"line":143,"column":45},"end":{"line":143,"column":62}},"skip":true},"10":{"name":"(anonymous_10)","line":144,"loc":{"start":{"line":144,"column":73},"end":{"line":144,"column":92}},"skip":true},"11":{"name":"(anonymous_11)","line":272,"loc":{"start":{"line":272,"column":51},"end":{"line":272,"column":77}},"skip":true},"12":{"name":"(anonymous_12)","line":315,"loc":{"start":{"line":315,"column":32},"end":{"line":315,"column":61}},"skip":true}},"statementMap":{"1":{"start":{"line":26,"column":0},"end":{"line":326,"column":5}},"2":{"start":{"line":28,"column":4},"end":{"line":28,"column":14}},"3":{"start":{"line":33,"column":4},"end":{"line":60,"column":9}},"4":{"start":{"line":35,"column":8},"end":{"line":35,"column":19}},"5":{"start":{"line":37,"column":8},"end":{"line":49,"column":13}},"6":{"start":{"line":38,"column":12},"end":{"line":48,"column":13}},"7":{"start":{"line":39,"column":16},"end":{"line":42,"column":30}},"8":{"start":{"line":44,"column":16},"end":{"line":47,"column":27}},"9":{"start":{"line":51,"column":8},"end":{"line":53,"column":21}},"10":{"start":{"line":55,"column":8},"end":{"line":57,"column":45}},"11":{"start":{"line":59,"column":8},"end":{"line":59,"column":35}},"12":{"start":{"line":61,"column":4},"end":{"line":325,"column":5}},"13":{"start":{"line":69,"column":8},"end":{"line":121,"column":10},"skip":true},"14":{"start":{"line":70,"column":12},"end":{"line":88,"column":13},"skip":true},"15":{"start":{"line":76,"column":16},"end":{"line":87,"column":19},"skip":true},"16":{"start":{"line":79,"column":20},"end":{"line":86,"column":21},"skip":true},"17":{"start":{"line":82,"column":24},"end":{"line":82,"column":43},"skip":true},"18":{"start":{"line":83,"column":24},"end":{"line":83,"column":30},"skip":true},"19":{"start":{"line":85,"column":24},"end":{"line":85,"column":49},"skip":true},"20":{"start":{"line":89,"column":12},"end":{"line":107,"column":13},"skip":true},"21":{"start":{"line":92,"column":16},"end":{"line":102,"column":17},"skip":true},"22":{"start":{"line":93,"column":20},"end":{"line":93,"column":86},"skip":true},"23":{"start":{"line":94,"column":20},"end":{"line":95,"column":45},"skip":true},"24":{"start":{"line":96,"column":20},"end":{"line":96,"column":42},"skip":true},"25":{"start":{"line":97,"column":20},"end":{"line":97,"column":48},"skip":true},"26":{"start":{"line":100,"column":20},"end":{"line":100,"column":85},"skip":true},"27":{"start":{"line":101,"column":20},"end":{"line":101,"column":96},"skip":true},"28":{"start":{"line":103,"column":16},"end":{"line":103,"column":22},"skip":true},"29":{"start":{"line":106,"column":16},"end":{"line":106,"column":22},"skip":true},"30":{"start":{"line":108,"column":12},"end":{"line":120,"column":13},"skip":true},"31":{"start":{"line":114,"column":16},"end":{"line":119,"column":17},"skip":true},"32":{"start":{"line":116,"column":20},"end":{"line":116,"column":78},"skip":true},"33":{"start":{"line":118,"column":20},"end":{"line":118,"column":47},"skip":true},"34":{"start":{"line":123,"column":8},"end":{"line":141,"column":11},"skip":true},"35":{"start":{"line":124,"column":12},"end":{"line":124,"column":54},"skip":true},"36":{"start":{"line":125,"column":12},"end":{"line":140,"column":14},"skip":true},"37":{"start":{"line":126,"column":16},"end":{"line":126,"column":28},"skip":true},"38":{"start":{"line":127,"column":16},"end":{"line":127,"column":69},"skip":true},"39":{"start":{"line":128,"column":16},"end":{"line":128,"column":75},"skip":true},"40":{"start":{"line":129,"column":16},"end":{"line":131,"column":17},"skip":true},"41":{"start":{"line":130,"column":20},"end":{"line":130,"column":27},"skip":true},"42":{"start":{"line":133,"column":16},"end":{"line":137,"column":36},"skip":true},"43":{"start":{"line":134,"column":20},"end":{"line":136,"column":55},"skip":true},"44":{"start":{"line":139,"column":16},"end":{"line":139,"column":57},"skip":true},"45":{"start":{"line":143,"column":8},"end":{"line":147,"column":11},"skip":true},"46":{"start":{"line":144,"column":12},"end":{"line":146,"column":15},"skip":true},"47":{"start":{"line":145,"column":16},"end":{"line":145,"column":70},"skip":true},"48":{"start":{"line":149,"column":8},"end":{"line":149,"column":31},"skip":true},"49":{"start":{"line":150,"column":8},"end":{"line":150,"column":14},"skip":true},"50":{"start":{"line":158,"column":8},"end":{"line":158,"column":31},"skip":true},"51":{"start":{"line":160,"column":8},"end":{"line":160,"column":33},"skip":true},"52":{"start":{"line":161,"column":8},"end":{"line":161,"column":37},"skip":true},"53":{"start":{"line":162,"column":8},"end":{"line":162,"column":35},"skip":true},"54":{"start":{"line":164,"column":8},"end":{"line":164,"column":50},"skip":true},"55":{"start":{"line":166,"column":8},"end":{"line":256,"column":2},"skip":true},"56":{"start":{"line":258,"column":8},"end":{"line":286,"column":9},"skip":true},"57":{"start":{"line":259,"column":12},"end":{"line":269,"column":14},"skip":true},"58":{"start":{"line":271,"column":12},"end":{"line":285,"column":19},"skip":true},"59":{"start":{"line":274,"column":20},"end":{"line":274,"column":35},"skip":true},"60":{"start":{"line":275,"column":20},"end":{"line":284,"column":21},"skip":true},"61":{"start":{"line":277,"column":24},"end":{"line":277,"column":64},"skip":true},"62":{"start":{"line":279,"column":24},"end":{"line":279,"column":40},"skip":true},"63":{"start":{"line":281,"column":24},"end":{"line":281,"column":40},"skip":true},"64":{"start":{"line":283,"column":24},"end":{"line":283,"column":39},"skip":true},"65":{"start":{"line":288,"column":8},"end":{"line":290,"column":9},"skip":true},"66":{"start":{"line":289,"column":12},"end":{"line":289,"column":18},"skip":true},"67":{"start":{"line":291,"column":8},"end":{"line":293,"column":54},"skip":true},"68":{"start":{"line":296,"column":8},"end":{"line":301,"column":37},"skip":true},"69":{"start":{"line":303,"column":8},"end":{"line":303,"column":82},"skip":true},"70":{"start":{"line":306,"column":8},"end":{"line":308,"column":9},"skip":true},"71":{"start":{"line":307,"column":12},"end":{"line":307,"column":82},"skip":true},"72":{"start":{"line":310,"column":8},"end":{"line":312,"column":9},"skip":true},"73":{"start":{"line":311,"column":12},"end":{"line":311,"column":18},"skip":true},"74":{"start":{"line":313,"column":8},"end":{"line":313,"column":54},"skip":true},"75":{"start":{"line":314,"column":8},"end":{"line":314,"column":69},"skip":true},"76":{"start":{"line":315,"column":8},"end":{"line":323,"column":36},"skip":true},"77":{"start":{"line":316,"column":12},"end":{"line":316,"column":61},"skip":true},"78":{"start":{"line":317,"column":12},"end":{"line":320,"column":13},"skip":true},"79":{"start":{"line":318,"column":16},"end":{"line":318,"column":75},"skip":true},"80":{"start":{"line":319,"column":16},"end":{"line":319,"column":23},"skip":true},"81":{"start":{"line":321,"column":12},"end":{"line":321,"column":38},"skip":true},"82":{"start":{"line":322,"column":12},"end":{"line":322,"column":27},"skip":true},"83":{"start":{"line":324,"column":8},"end":{"line":324,"column":14},"skip":true}},"branchMap":{"1":{"line":39,"type":"binary-expr","locations":[{"start":{"line":39,"column":23},"end":{"line":39,"column":62}},{"start":{"line":40,"column":20},"end":{"line":40,"column":70}},{"start":{"line":41,"column":20},"end":{"line":41,"column":71}},{"start":{"line":42,"column":20},"end":{"line":42,"column":29}}]},"2":{"line":44,"type":"binary-expr","locations":[{"start":{"line":44,"column":23},"end":{"line":44,"column":37}},{"start":{"line":45,"column":20},"end":{"line":45,"column":61}},{"start":{"line":46,"column":20},"end":{"line":46,"column":70}},{"start":{"line":47,"column":20},"end":{"line":47,"column":26}}]},"3":{"line":51,"type":"cond-expr","locations":[{"start":{"line":52,"column":14},"end":{"line":52,"column":20}},{"start":{"line":53,"column":14},"end":{"line":53,"column":20}}]},"4":{"line":55,"type":"binary-expr","locations":[{"start":{"line":55,"column":16},"end":{"line":55,"column":44}},{"start":{"line":55,"column":49},"end":{"line":57,"column":43}}]},"5":{"line":55,"type":"cond-expr","locations":[{"start":{"line":56,"column":14},"end":{"line":56,"column":56}},{"start":{"line":57,"column":14},"end":{"line":57,"column":43}}]},"6":{"line":61,"type":"switch","locations":[{"start":{"line":68,"column":4},"end":{"line":150,"column":14},"skip":true},{"start":{"line":156,"column":4},"end":{"line":324,"column":14},"skip":true}]},"7":{"line":70,"type":"if","locations":[{"start":{"line":70,"column":12},"end":{"line":70,"column":12},"skip":true},{"start":{"line":70,"column":12},"end":{"line":70,"column":12},"skip":true}]},"8":{"line":70,"type":"binary-expr","locations":[{"start":{"line":70,"column":16},"end":{"line":70,"column":22},"skip":true},{"start":{"line":70,"column":27},"end":{"line":70,"column":32},"skip":true},{"start":{"line":71,"column":20},"end":{"line":71,"column":39},"skip":true},{"start":{"line":72,"column":20},"end":{"line":72,"column":49},"skip":true},{"start":{"line":73,"column":20},"end":{"line":73,"column":58},"skip":true},{"start":{"line":74,"column":20},"end":{"line":74,"column":69},"skip":true}]},"9":{"line":79,"type":"switch","locations":[{"start":{"line":80,"column":20},"end":{"line":80,"column":33},"skip":true},{"start":{"line":81,"column":20},"end":{"line":83,"column":30},"skip":true},{"start":{"line":84,"column":20},"end":{"line":85,"column":49},"skip":true}]},"10":{"line":89,"type":"switch","locations":[{"start":{"line":90,"column":12},"end":{"line":103,"column":22},"skip":true},{"start":{"line":105,"column":12},"end":{"line":106,"column":22},"skip":true}]},"11":{"line":89,"type":"binary-expr","locations":[{"start":{"line":89,"column":20},"end":{"line":89,"column":25},"skip":true},{"start":{"line":89,"column":29},"end":{"line":89,"column":48},"skip":true},{"start":{"line":89,"column":52},"end":{"line":89,"column":74},"skip":true}]},"12":{"line":92,"type":"if","locations":[{"start":{"line":92,"column":16},"end":{"line":92,"column":16},"skip":true},{"start":{"line":92,"column":16},"end":{"line":92,"column":16},"skip":true}]},"13":{"line":108,"type":"if","locations":[{"start":{"line":108,"column":12},"end":{"line":108,"column":12},"skip":true},{"start":{"line":108,"column":12},"end":{"line":108,"column":12},"skip":true}]},"14":{"line":108,"type":"binary-expr","locations":[{"start":{"line":108,"column":16},"end":{"line":108,"column":61},"skip":true},{"start":{"line":108,"column":66},"end":{"line":108,"column":72},"skip":true},{"start":{"line":108,"column":77},"end":{"line":108,"column":82},"skip":true},{"start":{"line":109,"column":20},"end":{"line":109,"column":39},"skip":true},{"start":{"line":110,"column":20},"end":{"line":110,"column":49},"skip":true},{"start":{"line":111,"column":20},"end":{"line":111,"column":58},"skip":true},{"start":{"line":112,"column":20},"end":{"line":112,"column":68},"skip":true}]},"15":{"line":129,"type":"if","locations":[{"start":{"line":129,"column":16},"end":{"line":129,"column":16},"skip":true},{"start":{"line":129,"column":16},"end":{"line":129,"column":16},"skip":true}]},"16":{"line":134,"type":"cond-expr","locations":[{"start":{"line":135,"column":26},"end":{"line":135,"column":29},"skip":true},{"start":{"line":136,"column":26},"end":{"line":136,"column":54},"skip":true}]},"17":{"line":164,"type":"binary-expr","locations":[{"start":{"line":164,"column":27},"end":{"line":164,"column":43},"skip":true},{"start":{"line":164,"column":47},"end":{"line":164,"column":49},"skip":true}]},"18":{"line":258,"type":"if","locations":[{"start":{"line":258,"column":8},"end":{"line":258,"column":8},"skip":true},{"start":{"line":258,"column":8},"end":{"line":258,"column":8},"skip":true}]},"19":{"line":275,"type":"switch","locations":[{"start":{"line":276,"column":20},"end":{"line":277,"column":64},"skip":true},{"start":{"line":278,"column":20},"end":{"line":279,"column":40},"skip":true},{"start":{"line":280,"column":20},"end":{"line":281,"column":40},"skip":true},{"start":{"line":282,"column":20},"end":{"line":283,"column":39},"skip":true}]},"20":{"line":288,"type":"if","locations":[{"start":{"line":288,"column":8},"end":{"line":288,"column":8},"skip":true},{"start":{"line":288,"column":8},"end":{"line":288,"column":8},"skip":true}]},"21":{"line":288,"type":"binary-expr","locations":[{"start":{"line":288,"column":12},"end":{"line":288,"column":40},"skip":true},{"start":{"line":288,"column":44},"end":{"line":288,"column":67},"skip":true}]},"22":{"line":292,"type":"binary-expr","locations":[{"start":{"line":292,"column":12},"end":{"line":292,"column":50},"skip":true},{"start":{"line":293,"column":12},"end":{"line":293,"column":53},"skip":true}]},"23":{"line":297,"type":"binary-expr","locations":[{"start":{"line":297,"column":12},"end":{"line":297,"column":70},"skip":true},{"start":{"line":298,"column":12},"end":{"line":301,"column":36},"skip":true}]},"24":{"line":303,"type":"binary-expr","locations":[{"start":{"line":303,"column":43},"end":{"line":303,"column":75},"skip":true},{"start":{"line":303,"column":79},"end":{"line":303,"column":81},"skip":true}]},"25":{"line":306,"type":"if","locations":[{"start":{"line":306,"column":8},"end":{"line":306,"column":8},"skip":true},{"start":{"line":306,"column":8},"end":{"line":306,"column":8},"skip":true}]},"26":{"line":310,"type":"if","locations":[{"start":{"line":310,"column":8},"end":{"line":310,"column":8},"skip":true},{"start":{"line":310,"column":8},"end":{"line":310,"column":8},"skip":true}]},"27":{"line":313,"type":"binary-expr","locations":[{"start":{"line":313,"column":27},"end":{"line":313,"column":43},"skip":true},{"start":{"line":313,"column":47},"end":{"line":313,"column":53},"skip":true}]},"28":{"line":317,"type":"if","locations":[{"start":{"line":317,"column":12},"end":{"line":317,"column":12},"skip":true},{"start":{"line":317,"column":12},"end":{"line":317,"column":12},"skip":true}]}},"code":["/*","example.js","","quickstart example","","instruction","    1. save this script as example.js","    2. run the shell command:","        $ npm install npmtest-npm-registry && PORT=8081 node example.js","    3. play with the browser-demo on http://127.0.0.1:8081","*/","","","","/* istanbul instrument in package npmtest_npm_registry */","/*jslint","    bitwise: true,","    browser: true,","    maxerr: 8,","    maxlen: 96,","    node: true,","    nomen: true,","    regexp: true,","    stupid: true","*/","(function () {","    'use strict';","    var local;","","","","    // run shared js-env code - pre-init","    (function () {","        // init local","        local = {};","        // init modeJs","        local.modeJs = (function () {","            try {","                return typeof navigator.userAgent === 'string' &&","                    typeof document.querySelector('body') === 'object' &&","                    typeof XMLHttpRequest.prototype.open === 'function' &&","                    'browser';","            } catch (errorCaughtBrowser) {","                return module.exports &&","                    typeof process.versions.node === 'string' &&","                    typeof require('http').createServer === 'function' &&","                    'node';","            }","        }());","        // init global","        local.global = local.modeJs === 'browser'","            ? window","            : global;","        // init utility2_rollup","        local = local.global.utility2_rollup || (local.modeJs === 'browser'","            ? local.global.utility2_npmtest_npm_registry","            : global.utility2_moduleExports);","        // export local","        local.global.local = local;","    }());","    switch (local.modeJs) {","","","","    // post-init","    // run browser js-env code - post-init","    /* istanbul ignore next */","    case 'browser':","        local.testRunBrowser = function (event) {","            if (!event || (event &&","                    event.currentTarget &&","                    event.currentTarget.className &&","                    event.currentTarget.className.includes &&","                    event.currentTarget.className.includes('onreset'))) {","                // reset output","                Array.from(","                    document.querySelectorAll('body > .resettable')","                ).forEach(function (element) {","                    switch (element.tagName) {","                    case 'INPUT':","                    case 'TEXTAREA':","                        element.value = '';","                        break;","                    default:","                        element.textContent = '';","                    }","                });","            }","            switch (event && event.currentTarget && event.currentTarget.id) {","            case 'testRunButton1':","                // show tests","                if (document.querySelector('#testReportDiv1').style.display === 'none') {","                    document.querySelector('#testReportDiv1').style.display = 'block';","                    document.querySelector('#testRunButton1').textContent =","                        'hide internal test';","                    local.modeTest = true;","                    local.testRunDefault(local);","                // hide tests","                } else {","                    document.querySelector('#testReportDiv1').style.display = 'none';","                    document.querySelector('#testRunButton1').textContent = 'run internal test';","                }","                break;","            // custom-case","            default:","                break;","            }","            if (document.querySelector('#inputTextareaEval1') && (!event || (event &&","                    event.currentTarget &&","                    event.currentTarget.className &&","                    event.currentTarget.className.includes &&","                    event.currentTarget.className.includes('oneval')))) {","                // try to eval input-code","                try {","                    /*jslint evil: true*/","                    eval(document.querySelector('#inputTextareaEval1').value);","                } catch (errorCaught) {","                    console.error(errorCaught);","                }","            }","        };","        // log stderr and stdout to #outputTextareaStdout1","        ['error', 'log'].forEach(function (key) {","            console[key + '_original'] = console[key];","            console[key] = function () {","                var element;","                console[key + '_original'].apply(console, arguments);","                element = document.querySelector('#outputTextareaStdout1');","                if (!element) {","                    return;","                }","                // append text to #outputTextareaStdout1","                element.value += Array.from(arguments).map(function (arg) {","                    return typeof arg === 'string'","                        ? arg","                        : JSON.stringify(arg, null, 4);","                }).join(' ') + '\\n';","                // scroll textarea to bottom","                element.scrollTop = element.scrollHeight;","            };","        });","        // init event-handling","        ['change', 'click', 'keyup'].forEach(function (event) {","            Array.from(document.querySelectorAll('.on' + event)).forEach(function (element) {","                element.addEventListener(event, local.testRunBrowser);","            });","        });","        // run tests","        local.testRunBrowser();","        break;","","","","    // run node js-env code - post-init","    /* istanbul ignore next */","    case 'node':","        // export local","        module.exports = local;","        // require modules","        local.fs = require('fs');","        local.http = require('http');","        local.url = require('url');","        // init assets","        local.assetsDict = local.assetsDict || {};","        /* jslint-ignore-begin */","        local.assetsDict['/assets.index.template.html'] = '\\","<!doctype html>\\n\\","<html lang=\"en\">\\n\\","<head>\\n\\","<meta charset=\"UTF-8\">\\n\\","<meta name=\"viewport\" content=\"width=device-width, initial-scale=1\">\\n\\","<title>{{env.npm_package_name}} (v{{env.npm_package_version}})</title>\\n\\","<style>\\n\\","/*csslint\\n\\","    box-sizing: false,\\n\\","    universal-selector: false\\n\\","*/\\n\\","* {\\n\\","    box-sizing: border-box;\\n\\","}\\n\\","body {\\n\\","    background: #dde;\\n\\","    font-family: Arial, Helvetica, sans-serif;\\n\\","    margin: 2rem;\\n\\","}\\n\\","body > * {\\n\\","    margin-bottom: 1rem;\\n\\","}\\n\\",".utility2FooterDiv {\\n\\","    margin-top: 20px;\\n\\","    text-align: center;\\n\\","}\\n\\","</style>\\n\\","<style>\\n\\","/*csslint\\n\\","*/\\n\\","textarea {\\n\\","    font-family: monospace;\\n\\","    height: 10rem;\\n\\","    width: 100%;\\n\\","}\\n\\","textarea[readonly] {\\n\\","    background: #ddd;\\n\\","}\\n\\","</style>\\n\\","</head>\\n\\","<body>\\n\\","<!-- utility2-comment\\n\\","<div id=\"ajaxProgressDiv1\" style=\"background: #d00; height: 2px; left: 0; margin: 0; padding: 0; position: fixed; top: 0; transition: background 0.5s, width 1.5s; width: 25%;\"></div>\\n\\","utility2-comment -->\\n\\","<h1>\\n\\","<!-- utility2-comment\\n\\","    <a\\n\\","        {{#if env.npm_package_homepage}}\\n\\","        href=\"{{env.npm_package_homepage}}\"\\n\\","        {{/if env.npm_package_homepage}}\\n\\","        target=\"_blank\"\\n\\","    >\\n\\","utility2-comment -->\\n\\","        {{env.npm_package_name}} (v{{env.npm_package_version}})\\n\\","<!-- utility2-comment\\n\\","    </a>\\n\\","utility2-comment -->\\n\\","</h1>\\n\\","<h3>{{env.npm_package_description}}</h3>\\n\\","<!-- utility2-comment\\n\\","<h4><a download href=\"assets.app.js\">download standalone app</a></h4>\\n\\","<button class=\"onclick onreset\" id=\"testRunButton1\">run internal test</button><br>\\n\\","<div id=\"testReportDiv1\" style=\"display: none;\"></div>\\n\\","utility2-comment -->\\n\\","\\n\\","\\n\\","\\n\\","<label>stderr and stdout</label>\\n\\","<textarea class=\"resettable\" id=\"outputTextareaStdout1\" readonly></textarea>\\n\\","<!-- utility2-comment\\n\\","{{#if isRollup}}\\n\\","<script src=\"assets.app.js\"></script>\\n\\","{{#unless isRollup}}\\n\\","utility2-comment -->\\n\\","<script src=\"assets.utility2.rollup.js\"></script>\\n\\","<script src=\"jsonp.utility2._stateInit?callback=window.utility2._stateInit\"></script>\\n\\","<script src=\"assets.npmtest_npm_registry.rollup.js\"></script>\\n\\","<script src=\"assets.example.js\"></script>\\n\\","<script src=\"assets.test.js\"></script>\\n\\","<!-- utility2-comment\\n\\","{{/if isRollup}}\\n\\","utility2-comment -->\\n\\","<div class=\"utility2FooterDiv\">\\n\\","    [ this app was created with\\n\\","    <a href=\"https://github.com/kaizhu256/node-utility2\" target=\"_blank\">utility2</a>\\n\\","    ]\\n\\","</div>\\n\\","</body>\\n\\","</html>\\n\\","';","        /* jslint-ignore-end */","        if (local.templateRender) {","            local.assetsDict['/'] = local.templateRender(","                local.assetsDict['/assets.index.template.html'],","                {","                    env: local.objectSetDefault(local.env, {","                        npm_package_description: 'the greatest app in the world!',","                        npm_package_name: 'my-app',","                        npm_package_nameAlias: 'my_app',","                        npm_package_version: '0.0.1'","                    })","                }","            );","        } else {","            local.assetsDict['/'] = local.assetsDict['/assets.index.template.html']","                .replace((/\\{\\{env\\.(\\w+?)\\}\\}/g), function (match0, match1) {","                    // jslint-hack","                    String(match0);","                    switch (match1) {","                    case 'npm_package_description':","                        return 'the greatest app in the world!';","                    case 'npm_package_name':","                        return 'my-app';","                    case 'npm_package_nameAlias':","                        return 'my_app';","                    case 'npm_package_version':","                        return '0.0.1';","                    }","                });","        }","        // run the cli","        if (local.global.utility2_rollup || module !== require.main) {","            break;","        }","        local.assetsDict['/assets.example.js'] =","            local.assetsDict['/assets.example.js'] ||","            local.fs.readFileSync(__filename, 'utf8');","        // bug-workaround - long $npm_package_buildCustomOrg","        /* jslint-ignore-begin */","        local.assetsDict['/assets.npmtest_npm_registry.rollup.js'] =","            local.assetsDict['/assets.npmtest_npm_registry.rollup.js'] ||","            local.fs.readFileSync(","                local.npmtest_npm_registry.__dirname + '/lib.npmtest_npm_registry.js',","                'utf8'","            ).replace((/^#!/), '//');","        /* jslint-ignore-end */","        local.assetsDict['/favicon.ico'] = local.assetsDict['/favicon.ico'] || '';","        // if $npm_config_timeout_exit exists,","        // then exit this process after $npm_config_timeout_exit ms","        if (Number(process.env.npm_config_timeout_exit)) {","            setTimeout(process.exit, Number(process.env.npm_config_timeout_exit));","        }","        // start server","        if (local.global.utility2_serverHttp1) {","            break;","        }","        process.env.PORT = process.env.PORT || '8081';","        console.error('server starting on port ' + process.env.PORT);","        local.http.createServer(function (request, response) {","            request.urlParsed = local.url.parse(request.url);","            if (local.assetsDict[request.urlParsed.pathname] !== undefined) {","                response.end(local.assetsDict[request.urlParsed.pathname]);","                return;","            }","            response.statusCode = 404;","            response.end();","        }).listen(process.env.PORT);","        break;","    }","}());",""],"l":{"26":2,"28":2,"33":2,"35":2,"37":2,"38":2,"39":2,"44":1,"51":2,"55":2,"59":2,"61":2,"69":1,"70":2,"76":2,"79":2,"82":2,"83":2,"85":1,"89":2,"92":1,"93":1,"94":1,"96":1,"97":1,"100":1,"101":1,"103":1,"106":1,"108":2,"114":1,"116":1,"118":1,"123":1,"124":2,"125":2,"126":3,"127":3,"128":3,"129":3,"130":1,"133":3,"134":3,"139":3,"143":1,"144":3,"145":1,"149":1,"150":1,"158":1,"160":1,"161":1,"162":1,"164":1,"166":1,"258":1,"259":1,"271":1,"274":6,"275":6,"277":1,"279":2,"281":1,"283":2,"288":1,"289":1,"291":1,"296":1,"303":1,"306":1,"307":1,"310":1,"311":1,"313":1,"314":1,"315":1,"316":1,"317":1,"318":1,"319":1,"321":1,"322":1,"324":1}},"/home/travis/build/npmtest/node-npmtest-npm-registry/node_modules/npm-registry/index.js":{"path":"/home/travis/build/npmtest/node-npmtest-npm-registry/node_modules/npm-registry/index.js","s":{"1":1,"2":1,"3":0,"4":0,"5":0,"6":0,"7":0,"8":0,"9":0,"10":0,"11":0,"12":0,"13":0,"14":0,"15":0,"16":0,"17":0,"18":0,"19":0,"20":0,"21":0,"22":0,"23":0,"24":0,"25":0,"26":0,"27":0,"28":0,"29":0,"30":0,"31":0,"32":1,"33":1},"b":{"1":[0,0],"2":[0,0],"3":[0,0],"4":[0,0],"5":[0,0],"6":[0,0],"7":[0,0],"8":[0,0],"9":[0,0],"10":[0,0],"11":[0,0],"12":[0,0,0],"13":[0,0],"14":[0,0]},"f":{"1":0,"2":0,"3":0},"fnMap":{"1":{"name":"initialise","line":31,"loc":{"start":{"line":31,"column":14},"end":{"line":31,"column":43}}},"2":{"name":"map","line":37,"loc":{"start":{"line":37,"column":52},"end":{"line":37,"column":73}}},"3":{"name":"simple","line":91,"loc":{"start":{"line":91,"column":12},"end":{"line":91,"column":34}}}},"statementMap":{"1":{"start":{"line":3,"column":0},"end":{"line":4,"column":27}},"2":{"start":{"line":24,"column":0},"end":{"line":98,"column":3}},"3":{"start":{"line":32,"column":4},"end":{"line":32,"column":28}},"4":{"start":{"line":37,"column":4},"end":{"line":39,"column":7}},"5":{"start":{"line":38,"column":6},"end":{"line":38,"column":38}},"6":{"start":{"line":41,"column":4},"end":{"line":41,"column":93}},"7":{"start":{"line":42,"column":4},"end":{"line":42,"column":82}},"8":{"start":{"line":43,"column":4},"end":{"line":43,"column":71}},"9":{"start":{"line":44,"column":4},"end":{"line":44,"column":72}},"10":{"start":{"line":45,"column":4},"end":{"line":45,"column":70}},"11":{"start":{"line":46,"column":4},"end":{"line":46,"column":68}},"12":{"start":{"line":47,"column":4},"end":{"line":47,"column":65}},"13":{"start":{"line":48,"column":4},"end":{"line":48,"column":62}},"14":{"start":{"line":55,"column":4},"end":{"line":55,"column":86}},"15":{"start":{"line":55,"column":46},"end":{"line":55,"column":86}},"16":{"start":{"line":57,"column":4},"end":{"line":57,"column":47}},"17":{"start":{"line":58,"column":4},"end":{"line":58,"column":35}},"18":{"start":{"line":59,"column":4},"end":{"line":59,"column":37}},"19":{"start":{"line":60,"column":4},"end":{"line":60,"column":37}},"20":{"start":{"line":61,"column":4},"end":{"line":61,"column":37}},"21":{"start":{"line":62,"column":4},"end":{"line":62,"column":35}},"22":{"start":{"line":63,"column":4},"end":{"line":63,"column":35}},"23":{"start":{"line":64,"column":4},"end":{"line":64,"column":33}},"24":{"start":{"line":65,"column":4},"end":{"line":65,"column":32}},"25":{"start":{"line":66,"column":4},"end":{"line":66,"column":31}},"26":{"start":{"line":72,"column":4},"end":{"line":77,"column":5}},"27":{"start":{"line":73,"column":6},"end":{"line":73,"column":71}},"28":{"start":{"line":74,"column":6},"end":{"line":76,"column":27}},"29":{"start":{"line":79,"column":4},"end":{"line":81,"column":5}},"30":{"start":{"line":80,"column":6},"end":{"line":80,"column":56}},"31":{"start":{"line":92,"column":6},"end":{"line":95,"column":20}},"32":{"start":{"line":103,"column":0},"end":{"line":111,"column":2}},"33":{"start":{"line":116,"column":0},"end":{"line":116,"column":23}}},"branchMap":{"1":{"line":32,"type":"binary-expr","locations":[{"start":{"line":32,"column":14},"end":{"line":32,"column":21}},{"start":{"line":32,"column":25},"end":{"line":32,"column":27}}]},"2":{"line":41,"type":"cond-expr","locations":[{"start":{"line":41,"column":47},"end":{"line":41,"column":63}},{"start":{"line":41,"column":66},"end":{"line":41,"column":92}}]},"3":{"line":42,"type":"cond-expr","locations":[{"start":{"line":42,"column":41},"end":{"line":42,"column":54}},{"start":{"line":42,"column":57},"end":{"line":42,"column":81}}]},"4":{"line":43,"type":"cond-expr","locations":[{"start":{"line":43,"column":45},"end":{"line":43,"column":60}},{"start":{"line":43,"column":63},"end":{"line":43,"column":70}}]},"5":{"line":44,"type":"cond-expr","locations":[{"start":{"line":44,"column":47},"end":{"line":44,"column":63}},{"start":{"line":44,"column":66},"end":{"line":44,"column":71}}]},"6":{"line":45,"type":"cond-expr","locations":[{"start":{"line":45,"column":47},"end":{"line":45,"column":63}},{"start":{"line":45,"column":66},"end":{"line":45,"column":69}}]},"7":{"line":46,"type":"cond-expr","locations":[{"start":{"line":46,"column":45},"end":{"line":46,"column":60}},{"start":{"line":46,"column":63},"end":{"line":46,"column":67}}]},"8":{"line":47,"type":"cond-expr","locations":[{"start":{"line":47,"column":45},"end":{"line":47,"column":60}},{"start":{"line":47,"column":63},"end":{"line":47,"column":64}}]},"9":{"line":48,"type":"cond-expr","locations":[{"start":{"line":48,"column":43},"end":{"line":48,"column":57}},{"start":{"line":48,"column":60},"end":{"line":48,"column":61}}]},"10":{"line":55,"type":"if","locations":[{"start":{"line":55,"column":4},"end":{"line":55,"column":4}},{"start":{"line":55,"column":4},"end":{"line":55,"column":4}}]},"11":{"line":72,"type":"if","locations":[{"start":{"line":72,"column":4},"end":{"line":72,"column":4}},{"start":{"line":72,"column":4},"end":{"line":72,"column":4}}]},"12":{"line":72,"type":"binary-expr","locations":[{"start":{"line":72,"column":8},"end":{"line":72,"column":27}},{"start":{"line":72,"column":31},"end":{"line":72,"column":43}},{"start":{"line":72,"column":47},"end":{"line":72,"column":63}}]},"13":{"line":79,"type":"if","locations":[{"start":{"line":79,"column":4},"end":{"line":79,"column":4}},{"start":{"line":79,"column":4},"end":{"line":79,"column":4}}]},"14":{"line":92,"type":"cond-expr","locations":[{"start":{"line":92,"column":20},"end":{"line":95,"column":7}},{"start":{"line":95,"column":10},"end":{"line":95,"column":19}}]}},"code":["'use strict';","","var debug = require('debug')('npmjs')","  , mana = require('mana');","","/**"," * A simple npm registry interface for data retrieval."," *"," * The following options are accepted:"," *"," * - registry: Registry URL we want to connect to."," * - user: Name of the account."," * - password: Password of the account."," * - mirrors: Alternate mirrors we should use when we receive an error."," * - factor: Backoff factor."," * - mindelay: Minimum backoff delay."," * - maxdelay: Maximum backoff delay."," * - retries: Maximum amount of retries."," *"," * @constructor"," * @param {Object} options Configuration"," * @api public"," */","var Registry = mana.extend({","  /**","   * Initialise the module.","   *","   * @param {Object} options npmjs configuration.","   * @api private","   */","  initialise: function initialise(options) {","    options = options || {};","","    //","    // Get an array of active npm mirrors.","    //","    var mirrors = Object.keys(Registry.mirrors).map(function map(mirror) {","      return Registry.mirrors[mirror];","    });","","    options.registry = 'registry' in options ? options.registry : Registry.mirrors.nodejitsu;","    options.stats = 'stats' in options ? options.stats : 'https://api.npmjs.org/';","    options.mirrors = 'mirrors' in options ? options.mirrors : mirrors;","    options.maxdelay = 'maxdelay' in options ? options.maxdelay : 60000;","    options.mindelay = 'mindelay' in options ? options.mindelay : 100;","    options.githulk = 'githulk' in options ? options.githulk : null;","    options.retries = 'retries' in options ? options.retries : 3;","    options.factor = 'factor' in options ? options.factor : 2;","","    //","    // Make sure that the given registry is a string as we can only connect to","    // URL's. If it isn't an string we assume it's an object with an `url`","    // parameter.","    //","    if ('string' !== typeof options.registry) options.registry = options.registry.url;","","    this.authorization = options.authorization;","    this.mirrors = options.mirrors;","    this.mindelay = options.mindelay;","    this.maxdelay = options.maxdelay;","    this.statservice = options.stats;","    this.githulk = options.githulk;","    this.retries = options.retries;","    this.factor = options.factor;","    this.api = options.registry;","    this.proxy = options.proxy;","","    //","    // Pre-compile the basic authorization so we can do updates and deletes","    // against the registries.","    //","    if (!this.authorization && options.user && options.password) {","      debug('received authorization information for %s', options.user);","      this.authorization = new Buffer(","        options.user +':'+ options.password","      ).toString('base64');","    }","","    if (Buffer.isBuffer(this.authorization)) {","      this.authorization = 'Basic '+ this.authorization;","    }","  },","","  /**","   * Common map operations that can be shared between the different endpoints.","   *","   * @type {Object}","   * @private","   */","  map: {","    simple: function simple(data) {","      return data ? {","        name: data[1],","        description: data[2]","      } : undefined;","    }","  }","});","","//","// Expose list of public endpoints that people can use to connect.","//","Registry.mirrors = {","  nodejitsu:    'http://registry.nodejitsu.com/',","  strongloop:   'http://npm.strongloop.com/',","  npmjsau:      'http://registry.npmjs.org.au/',","  npmjseu:      'http://registry.npmjs.eu/',","  npmjspt:      'http://registry.npmjs.pt/',","  npmjs:        'http://registry.npmjs.org/',","  cnpmjs:       'http://registry.cnpmjs.org/'","};","","//","// Drink our own potion.","//","Registry.drink(module);",""],"l":{"3":1,"24":1,"32":0,"37":0,"38":0,"41":0,"42":0,"43":0,"44":0,"45":0,"46":0,"47":0,"48":0,"55":0,"57":0,"58":0,"59":0,"60":0,"61":0,"62":0,"63":0,"64":0,"65":0,"66":0,"72":0,"73":0,"74":0,"79":0,"80":0,"92":0,"103":1,"116":1}},"/home/travis/build/npmtest/node-npmtest-npm-registry/node_modules/npm-registry/endpoints/downloads.js":{"path":"/home/travis/build/npmtest/node-npmtest-npm-registry/node_modules/npm-registry/endpoints/downloads.js","s":{"1":1,"2":0,"3":0,"4":1,"5":0,"6":0,"7":0,"8":0,"9":0,"10":0,"11":0,"12":1,"13":0,"14":0,"15":0,"16":0,"17":1},"b":{"1":[0,0],"2":[0,0],"3":[0,0],"4":[0,0]},"f":{"1":0,"2":0,"3":0,"4":0},"fnMap":{"1":{"name":"Downloads","line":10,"loc":{"start":{"line":10,"column":0},"end":{"line":10,"column":24}}},"2":{"name":"point","line":25,"loc":{"start":{"line":25,"column":29},"end":{"line":25,"column":61}}},"3":{"name":"map","line":33,"loc":{"start":{"line":33,"column":13},"end":{"line":33,"column":32}}},"4":{"name":"ranged","line":58,"loc":{"start":{"line":58,"column":28},"end":{"line":58,"column":61}}}},"statementMap":{"1":{"start":{"line":10,"column":0},"end":{"line":13,"column":1}},"2":{"start":{"line":11,"column":2},"end":{"line":11,"column":33}},"3":{"start":{"line":12,"column":2},"end":{"line":12,"column":17}},"4":{"start":{"line":25,"column":0},"end":{"line":47,"column":2}},"5":{"start":{"line":26,"column":2},"end":{"line":29,"column":3}},"6":{"start":{"line":27,"column":4},"end":{"line":27,"column":13}},"7":{"start":{"line":28,"column":4},"end":{"line":28,"column":15}},"8":{"start":{"line":31,"column":2},"end":{"line":46,"column":5}},"9":{"start":{"line":42,"column":4},"end":{"line":42,"column":39}},"10":{"start":{"line":43,"column":4},"end":{"line":43,"column":41}},"11":{"start":{"line":45,"column":4},"end":{"line":45,"column":16}},"12":{"start":{"line":58,"column":0},"end":{"line":67,"column":2}},"13":{"start":{"line":59,"column":2},"end":{"line":62,"column":3}},"14":{"start":{"line":60,"column":4},"end":{"line":60,"column":13}},"15":{"start":{"line":61,"column":4},"end":{"line":61,"column":15}},"16":{"start":{"line":64,"column":2},"end":{"line":66,"column":9}},"17":{"start":{"line":72,"column":0},"end":{"line":72,"column":27}}},"branchMap":{"1":{"line":26,"type":"if","locations":[{"start":{"line":26,"column":2},"end":{"line":26,"column":2}},{"start":{"line":26,"column":2},"end":{"line":26,"column":2}}]},"2":{"line":42,"type":"binary-expr","locations":[{"start":{"line":42,"column":19},"end":{"line":42,"column":31}},{"start":{"line":42,"column":35},"end":{"line":42,"column":38}}]},"3":{"line":43,"type":"binary-expr","locations":[{"start":{"line":43,"column":21},"end":{"line":43,"column":35}},{"start":{"line":43,"column":39},"end":{"line":43,"column":40}}]},"4":{"line":59,"type":"if","locations":[{"start":{"line":59,"column":2},"end":{"line":59,"column":2}},{"start":{"line":59,"column":2},"end":{"line":59,"column":2}}]}},"code":["'use strict';","","/**"," * Download download stats from the npm server."," *"," * @constructor"," * @param {Mana} api The actual API instance."," * @api private"," */","function Downloads(api) {","  this.send = api.send.bind(api);","  this.api = api;","}","","/**"," * Get the total amount of downloads for a given period. If no package name has"," * been supplied the total of all packages will be returned."," *"," * @param {String} period The period you want to select."," * @param {String} pkg Optional name of the package."," * @param {Function} fn Completion callback."," * @returns {Assign}"," * @api public"," */","Downloads.prototype.totals = function point(period, pkg, fn) {","  if ('function' === typeof pkg) {","    fn = pkg;","    pkg = null;","  }","","  return this.send(['downloads', 'point', period, pkg], {","    api: this.api.statservice","  }, fn).map(function map(data) {","    //","    // There is this annoying edge-case in the npm downloads API where they do","    // not return the correct information for newly published packages. These","    // newly published packages are missing the `package` and `downloads` field.","    // We've normalized to their sensible defaults so we can just ignore the","    // fact that they are unable to correctly estimate the download count for","    // a new module.","    //","    data.package = data.package || pkg;","    data.downloads = data.downloads || 0;","","    return data;","  });","};","","/**"," * Get the download statics for range of days."," *"," * @param {String} period The period you want to select."," * @param {String} pkg Optional name of the package."," * @param {Function} fn Completion callback."," * @returns {Assign}"," * @api public"," */","Downloads.prototype.range = function ranged(period, pkg, fn) {","  if ('function' === typeof pkg) {","    fn = pkg;","    pkg = null;","  }","","  return this.send(['downloads', 'range', period, pkg], {","    api: this.api.statservice","  }, fn);","};","","//","// Exposes the Downloads API.","//","module.exports = Downloads;",""],"l":{"10":1,"11":0,"12":0,"25":1,"26":0,"27":0,"28":0,"31":0,"42":0,"43":0,"45":0,"58":1,"59":0,"60":0,"61":0,"64":0,"72":1}},"/home/travis/build/npmtest/node-npmtest-npm-registry/node_modules/npm-registry/endpoints/packages.js":{"path":"/home/travis/build/npmtest/node-npmtest-npm-registry/node_modules/npm-registry/endpoints/packages.js","s":{"1":1,"2":1,"3":0,"4":0,"5":0,"6":1,"7":0,"8":1,"9":0,"10":1,"11":0,"12":0,"13":1,"14":0,"15":1,"16":0,"17":0,"18":0,"19":0,"20":0,"21":0,"22":0,"23":0,"24":0,"25":0,"26":0,"27":0,"28":0,"29":0,"30":0,"31":0,"32":0,"33":0,"34":0,"35":0,"36":0,"37":0,"38":1,"39":0,"40":1,"41":0,"42":0,"43":0,"44":0,"45":0,"46":0,"47":0,"48":0,"49":0,"50":0,"51":0,"52":1,"53":0,"54":0,"55":0,"56":0,"57":0,"58":0,"59":0,"60":1},"b":{"1":[0,0],"2":[0,0],"3":[0,0],"4":[0,0],"5":[0,0],"6":[0,0],"7":[0,0],"8":[0,0],"9":[0,0],"10":[0,0]},"f":{"1":0,"2":0,"3":0,"4":0,"5":0,"6":0,"7":0,"8":0,"9":0,"10":0,"11":0,"12":0,"13":0,"14":0,"15":0,"16":0,"17":0},"fnMap":{"1":{"name":"Packages","line":15,"loc":{"start":{"line":15,"column":0},"end":{"line":15,"column":23}}},"2":{"name":"get","line":34,"loc":{"start":{"line":34,"column":25},"end":{"line":34,"column":48}}},"3":{"name":"depended","line":46,"loc":{"start":{"line":46,"column":30},"end":{"line":46,"column":58}}},"4":{"name":"starred","line":62,"loc":{"start":{"line":62,"column":29},"end":{"line":62,"column":56}}},"5":{"name":"map","line":65,"loc":{"start":{"line":65,"column":13},"end":{"line":65,"column":32}}},"6":{"name":"keyword","line":78,"loc":{"start":{"line":78,"column":29},"end":{"line":78,"column":56}}},"7":{"name":"releases","line":93,"loc":{"start":{"line":93,"column":30},"end":{"line":93,"column":58}}},"8":{"name":"emit","line":96,"loc":{"start":{"line":96,"column":38},"end":{"line":96,"column":63}}},"9":{"name":"addmore","line":102,"loc":{"start":{"line":102,"column":39},"end":{"line":102,"column":65}}},"10":{"name":"(anonymous_10)","line":112,"loc":{"start":{"line":112,"column":68},"end":{"line":112,"column":83}}},"11":{"name":"reduce","line":140,"loc":{"start":{"line":140,"column":12},"end":{"line":140,"column":43}}},"12":{"name":"release","line":155,"loc":{"start":{"line":155,"column":29},"end":{"line":155,"column":65}}},"13":{"name":"ranged","line":168,"loc":{"start":{"line":168,"column":27},"end":{"line":168,"column":60}}},"14":{"name":"releases","line":171,"loc":{"start":{"line":171,"column":29},"end":{"line":171,"column":62}}},"15":{"name":"details","line":199,"loc":{"start":{"line":199,"column":29},"end":{"line":199,"column":56}}},"16":{"name":"map","line":202,"loc":{"start":{"line":202,"column":38},"end":{"line":202,"column":63}}},"17":{"name":"parsed","line":206,"loc":{"start":{"line":206,"column":7},"end":{"line":206,"column":38}}}},"statementMap":{"1":{"start":{"line":3,"column":0},"end":{"line":6,"column":34}},"2":{"start":{"line":15,"column":0},"end":{"line":20,"column":1}},"3":{"start":{"line":16,"column":2},"end":{"line":16,"column":17}},"4":{"start":{"line":18,"column":2},"end":{"line":18,"column":33}},"5":{"start":{"line":19,"column":2},"end":{"line":19,"column":33}},"6":{"start":{"line":34,"column":0},"end":{"line":36,"column":2}},"7":{"start":{"line":35,"column":2},"end":{"line":35,"column":71}},"8":{"start":{"line":46,"column":0},"end":{"line":52,"column":2}},"9":{"start":{"line":47,"column":2},"end":{"line":51,"column":19}},"10":{"start":{"line":62,"column":0},"end":{"line":68,"column":2}},"11":{"start":{"line":63,"column":2},"end":{"line":67,"column":5}},"12":{"start":{"line":66,"column":4},"end":{"line":66,"column":19}},"13":{"start":{"line":78,"column":0},"end":{"line":84,"column":2}},"14":{"start":{"line":79,"column":2},"end":{"line":83,"column":19}},"15":{"start":{"line":93,"column":0},"end":{"line":144,"column":2}},"16":{"start":{"line":94,"column":2},"end":{"line":94,"column":21}},"17":{"start":{"line":96,"column":2},"end":{"line":143,"column":9}},"18":{"start":{"line":97,"column":4},"end":{"line":97,"column":31}},"19":{"start":{"line":97,"column":24},"end":{"line":97,"column":31}},"20":{"start":{"line":102,"column":4},"end":{"line":107,"column":7}},"21":{"start":{"line":103,"column":6},"end":{"line":103,"column":43}},"22":{"start":{"line":104,"column":6},"end":{"line":104,"column":40}},"23":{"start":{"line":106,"column":6},"end":{"line":106,"column":45}},"24":{"start":{"line":112,"column":4},"end":{"line":137,"column":7}},"25":{"start":{"line":112,"column":29},"end":{"line":137,"column":7}},"26":{"start":{"line":113,"column":6},"end":{"line":113,"column":39}},"27":{"start":{"line":113,"column":32},"end":{"line":113,"column":39}},"28":{"start":{"line":115,"column":6},"end":{"line":116,"column":18}},"29":{"start":{"line":124,"column":6},"end":{"line":124,"column":58}},"30":{"start":{"line":124,"column":51},"end":{"line":124,"column":58}},"31":{"start":{"line":126,"column":6},"end":{"line":126,"column":54}},"32":{"start":{"line":133,"column":6},"end":{"line":133,"column":40}},"33":{"start":{"line":134,"column":6},"end":{"line":134,"column":24}},"34":{"start":{"line":136,"column":6},"end":{"line":136,"column":45}},"35":{"start":{"line":139,"column":4},"end":{"line":139,"column":17}},"36":{"start":{"line":141,"column":4},"end":{"line":141,"column":51}},"37":{"start":{"line":142,"column":4},"end":{"line":142,"column":16}},"38":{"start":{"line":155,"column":0},"end":{"line":157,"column":2}},"39":{"start":{"line":156,"column":2},"end":{"line":156,"column":70}},"40":{"start":{"line":168,"column":0},"end":{"line":184,"column":2}},"41":{"start":{"line":169,"column":2},"end":{"line":169,"column":78}},"42":{"start":{"line":169,"column":33},"end":{"line":169,"column":78}},"43":{"start":{"line":171,"column":2},"end":{"line":183,"column":5}},"44":{"start":{"line":172,"column":4},"end":{"line":172,"column":28}},"45":{"start":{"line":172,"column":13},"end":{"line":172,"column":28}},"46":{"start":{"line":174,"column":4},"end":{"line":177,"column":5}},"47":{"start":{"line":175,"column":6},"end":{"line":175,"column":69}},"48":{"start":{"line":176,"column":6},"end":{"line":176,"column":44}},"49":{"start":{"line":179,"column":4},"end":{"line":179,"column":69}},"50":{"start":{"line":181,"column":4},"end":{"line":181,"column":64}},"51":{"start":{"line":182,"column":4},"end":{"line":182,"column":37}},"52":{"start":{"line":199,"column":0},"end":{"line":213,"column":2}},"53":{"start":{"line":200,"column":2},"end":{"line":200,"column":22}},"54":{"start":{"line":202,"column":2},"end":{"line":212,"column":5}},"55":{"start":{"line":203,"column":4},"end":{"line":211,"column":7}},"56":{"start":{"line":207,"column":6},"end":{"line":207,"column":31}},"57":{"start":{"line":209,"column":6},"end":{"line":209,"column":66}},"58":{"start":{"line":209,"column":15},"end":{"line":209,"column":66}},"59":{"start":{"line":210,"column":6},"end":{"line":210,"column":29}},"60":{"start":{"line":218,"column":0},"end":{"line":218,"column":26}}},"branchMap":{"1":{"line":97,"type":"if","locations":[{"start":{"line":97,"column":4},"end":{"line":97,"column":4}},{"start":{"line":97,"column":4},"end":{"line":97,"column":4}}]},"2":{"line":112,"type":"if","locations":[{"start":{"line":112,"column":4},"end":{"line":112,"column":4}},{"start":{"line":112,"column":4},"end":{"line":112,"column":4}}]},"3":{"line":113,"type":"if","locations":[{"start":{"line":113,"column":6},"end":{"line":113,"column":6}},{"start":{"line":113,"column":6},"end":{"line":113,"column":6}}]},"4":{"line":124,"type":"if","locations":[{"start":{"line":124,"column":6},"end":{"line":124,"column":6}},{"start":{"line":124,"column":6},"end":{"line":124,"column":6}}]},"5":{"line":124,"type":"binary-expr","locations":[{"start":{"line":124,"column":10},"end":{"line":124,"column":18}},{"start":{"line":124,"column":22},"end":{"line":124,"column":49}}]},"6":{"line":141,"type":"binary-expr","locations":[{"start":{"line":141,"column":9},"end":{"line":141,"column":20}},{"start":{"line":141,"column":24},"end":{"line":141,"column":39}}]},"7":{"line":169,"type":"if","locations":[{"start":{"line":169,"column":2},"end":{"line":169,"column":2}},{"start":{"line":169,"column":2},"end":{"line":169,"column":2}}]},"8":{"line":172,"type":"if","locations":[{"start":{"line":172,"column":4},"end":{"line":172,"column":4}},{"start":{"line":172,"column":4},"end":{"line":172,"column":4}}]},"9":{"line":174,"type":"if","locations":[{"start":{"line":174,"column":4},"end":{"line":174,"column":4}},{"start":{"line":174,"column":4},"end":{"line":174,"column":4}}]},"10":{"line":209,"type":"if","locations":[{"start":{"line":209,"column":6},"end":{"line":209,"column":6}},{"start":{"line":209,"column":6},"end":{"line":209,"column":6}}]}},"code":["'use strict';","","var debug = require('debug')('npmjs::packages')","  , normalize = require('../normalize')","  , licenses = require('licenses')","  , semver = require('../semver');","","/**"," * Get all package information."," *"," * @constructor"," * @param {Registry} api Reference to the wrapping registry."," * @api private"," */","function Packages(api) {","  this.api = api;","","  this.send = api.send.bind(api);","  this.view = api.view.bind(api);","}","","/**"," * Get information from the npm package. If the name contains an `@` char we"," * assume that the user wants to get a specific version instead."," * Example:"," *"," * - primus@0.1.1 would retrieve primus version 0.1.1"," *"," * @param {String} name The name of the node module."," * @param {Function} fn The callback."," * @returns {Assign}"," * @api public"," */","Packages.prototype.get = function get(name, fn) {","  return this.send(name.replace('@', '/'), fn).map(normalize.packages);","};","","/**"," * Get all packages that are depended upon a given package name."," *"," * @param {String} name The name of the node module."," * @param {Function} fn The callback"," * @returns {Assign}"," * @api public"," */","Packages.prototype.depended = function depended(name, fn) {","  return this.view('dependedUpon', {","    key: name","  }, fn)","  .map(this.api.map.simple)","  .filter(Boolean);","};","","/**"," * Find out which users have starred the given package."," *"," * @param {String} name The name of the node module."," * @param {Function} fn The callback"," * @returns {Assign}"," * @api public"," */","Packages.prototype.starred = function starred(name, fn) {","  return this.view('browseStarPackage', {","    key: name","  }, fn).map(function map(data) {","    return data[2];","  });","};","","/**"," * Find all packages that matches the giving keywords."," *"," * @param {String} name The keyword."," * @param {Function} fn The callback."," * @returns {Assign}"," * @api public"," */","Packages.prototype.keyword = function keyword(name, fn) {","  return this.view('byKeyword', {","    key: name","  }, fn)","  .map(this.api.map.simple)","  .filter(Boolean);","};","","/**"," * Retrieve all release specific information for the given package name."," *"," * @param {String} name The package name."," * @param {Function} fn The callback."," * @api public"," */","Packages.prototype.releases = function releases(name, fn) {","  var api = this.api;","","  return this.details(name, fn).emits(function emit(data, add) {","    if (!data.versions) return;","","    //","    // Add all versions of the given module.","    //","    Object.keys(data.versions).forEach(function addmore(version) {","      var release = data.versions[version];","      release.date = data.time[version];","","      add(normalize.packages(release, data));","    });","","    //","    // Also add each tag to the releases.","    //","    if ('dist-tags' in data) Object.keys(data['dist-tags']).forEach(function (key) {","      if (key in data.versions) return; // Prevent duplicates","","      var version = data['dist-tags'][key]","        , release;","","      //","      // It's possible that the tag does not exist in the versions object. This","      // is some odd npm edge case.","      //","      // Lesson learned: Never trust npm data structures.","      //","      if (!version || !(version in data.versions)) return;","","      release = api.merge({}, data.versions[version]);","","      //","      // The JSON.parse(JSON.stringify)) is needed to create a full clone of the","      // data structure as we're adding tags. That would be override during the","      // `reduce` procedure.","      //","      release.date = data.time[version];","      release.tag = key;","","      add(normalize.packages(release, data));","    });","","    return false;","  }).reduce(function reduce(memo, release) {","    memo[release.tag || release.version] = release;","    return memo;","  }, {});","};","","/**"," * Get a specific release of a package."," *"," * @param {String} name The name of the package"," * @param {String} version A valid version number or tag from the package."," * @param {Function} fn The callback"," * @returns {Assign} Assignment"," * @api public"," */","Packages.prototype.release = function release(name, version, fn) {","  return this.details(name +'/'+ version, fn).map(normalize.packages);","};","","/**"," * Get a version for a specific release."," *"," * @param {String} name The name of the package."," * @param {String} range The semver version range we should retrieve."," * @param {Function} fn The callback"," * @returns {Assign} Assignment"," * @api public"," */","Packages.prototype.range = function ranged(name, range, fn) {","  if (!semver.validRange(range)) return fn(new Error('Invalid semver range'));","","  return this.releases(name, function releases(err, versions) {","    if (err) return fn(err);","","    if (range in versions) {","      debug('found and direct range (%s) match for %s', range, name);","      return fn(undefined, versions[range]);","    }","","    var version = semver.maxSatisfying(Object.keys(versions), range);","","    debug('max satisfying version for %s is %s', name, version);","    fn(undefined, versions[version]);","  });","};","","/**"," * Retrieve additional details for the package information. This a lot slower"," * than a simple `.get` but much more detailed and accurate as it uses custom"," * parsers and mapping operations to parse the data as good as possible."," *"," * @TODO Extract missing descriptions from github."," * @TODO Merge profile information from github / authors."," *"," * @param {String} name The name of the node module."," * @param {Function} fn The callback."," * @returns {Assign}"," * @api public"," */","Packages.prototype.details = function details(name, fn) {","  var packages = this;","","  return this.get(name, fn).async.map(function map(data, next) {","    licenses(data, {","      githulk: packages.api.githulk,","      npmjs: packages","    }, function parsed(err, licenses) {","      data.licenses = licenses;","","      if (err) debug('failed to detect license: %s', err.message);","      return next(err, data);","    });","  });","};","","//","// Expose the module.","//","module.exports = Packages;",""],"l":{"3":1,"15":1,"16":0,"18":0,"19":0,"34":1,"35":0,"46":1,"47":0,"62":1,"63":0,"66":0,"78":1,"79":0,"93":1,"94":0,"96":0,"97":0,"102":0,"103":0,"104":0,"106":0,"112":0,"113":0,"115":0,"124":0,"126":0,"133":0,"134":0,"136":0,"139":0,"141":0,"142":0,"155":1,"156":0,"168":1,"169":0,"171":0,"172":0,"174":0,"175":0,"176":0,"179":0,"181":0,"182":0,"199":1,"200":0,"202":0,"203":0,"207":0,"209":0,"210":0,"218":1}},"/home/travis/build/npmtest/node-npmtest-npm-registry/node_modules/npm-registry/normalize
[...]
gistry/normalize/users.js":{"path":"/home/travis/build/npmtest/node-npmtest-npm-registry/node_modules/npm-registry/normalize/users.js","s":{"1":1,"2":1,"3":0,"4":0,"5":0,"6":0,"7":0,"8":0,"9":0,"10":0,"11":0,"12":0,"13":0,"14":0,"15":0,"16":0,"17":0,"18":0,"19":0,"20":0,"21":0,"22":0,"23":1},"b":{"1":[0,0],"2":[0,0],"3":[0,0],"4":[0,0],"5":[0,0],"6":[0,0],"7":[0,0],"8":[0,0],"9":[0,0],"10":[0,0],"11":[0,0]},"f":{"1":0},"fnMap":{"1":{"name":"users","line":13,"loc":{"start":{"line":13,"column":0},"end":{"line":13,"column":21}}}},"statementMap":{"1":{"start":{"line":3,"column":0},"end":{"line":4,"column":25}},"2":{"start":{"line":13,"column":0},"end":{"line":72,"column":1}},"3":{"start":{"line":14,"column":2},"end":{"line":14,"column":53}},"4":{"start":{"line":14,"column":43},"end":{"line":14,"column":53}},"5":{"start":{"line":21,"column":2},"end":{"line":35,"column":3}},"6":{"start":{"line":22,"column":4},"end":{"line":26,"column":5}},"7":{"start":{"line":23,"column":6},"end":{"line":23,"column":25}},"8":{"start":{"line":25,"column":6},"end":{"line":25,"column":54}},"9":{"start":{"line":32,"column":4},"end":{"line":34,"column":5}},"10":{"start":{"line":33,"column":6},"end":{"line":33,"column":57}},"11":{"start":{"line":42,"column":2},"end":{"line":56,"column":3}},"12":{"start":{"line":43,"column":4},"end":{"line":43,"column":58}},"13":{"start":{"line":45,"column":4},"end":{"line":55,"column":5}},"14":{"start":{"line":46,"column":6},"end":{"line":46,"column":26}},"15":{"start":{"line":47,"column":11},"end":{"line":55,"column":5}},"16":{"start":{"line":48,"column":6},"end":{"line":48,"column":43}},"17":{"start":{"line":49,"column":11},"end":{"line":55,"column":5}},"18":{"start":{"line":50,"column":6},"end":{"line":50,"column":50}},"19":{"start":{"line":52,"column":6},"end":{"line":54,"column":51}},"20":{"start":{"line":62,"column":2},"end":{"line":62,"column":20}},"21":{"start":{"line":69,"column":2},"end":{"line":69,"column":21}},"22":{"start":{"line":71,"column":2},"end":{"line":71,"column":14}},"23":{"start":{"line":74,"column":0},"end":{"line":74,"column":23}}},"branchMap":{"1":{"line":14,"type":"if","locations":[{"start":{"line":14,"column":2},"end":{"line":14,"column":2}},{"start":{"line":14,"column":2},"end":{"line":14,"column":2}}]},"2":{"line":14,"type":"binary-expr","locations":[{"start":{"line":14,"column":6},"end":{"line":14,"column":11}},{"start":{"line":14,"column":15},"end":{"line":14,"column":41}}]},"3":{"line":21,"type":"if","locations":[{"start":{"line":21,"column":2},"end":{"line":21,"column":2}},{"start":{"line":21,"column":2},"end":{"line":21,"column":2}}]},"4":{"line":22,"type":"if","locations":[{"start":{"line":22,"column":4},"end":{"line":22,"column":4}},{"start":{"line":22,"column":4},"end":{"line":22,"column":4}}]},"5":{"line":25,"type":"binary-expr","locations":[{"start":{"line":25,"column":21},"end":{"line":25,"column":41}},{"start":{"line":25,"column":45},"end":{"line":25,"column":47}}]},"6":{"line":32,"type":"if","locations":[{"start":{"line":32,"column":4},"end":{"line":32,"column":4}},{"start":{"line":32,"column":4},"end":{"line":32,"column":4}}]},"7":{"line":32,"type":"binary-expr","locations":[{"start":{"line":32,"column":8},"end":{"line":32,"column":39}},{"start":{"line":32,"column":43},"end":{"line":32,"column":57}}]},"8":{"line":42,"type":"if","locations":[{"start":{"line":42,"column":2},"end":{"line":42,"column":2}},{"start":{"line":42,"column":2},"end":{"line":42,"column":2}}]},"9":{"line":45,"type":"if","locations":[{"start":{"line":45,"column":4},"end":{"line":45,"column":4}},{"start":{"line":45,"column":4},"end":{"line":45,"column":4}}]},"10":{"line":47,"type":"if","locations":[{"start":{"line":47,"column":11},"end":{"line":47,"column":11}},{"start":{"line":47,"column":11},"end":{"line":47,"column":11}}]},"11":{"line":49,"type":"if","locations":[{"start":{"line":49,"column":11},"end":{"line":49,"column":11}},{"start":{"line":49,"column":11},"end":{"line":49,"column":11}}]}},"code":["'use strict';","","var extract = require('extract-github')","  , to = require('./to');","","/**"," * Normalize user profile information."," *"," * @param {Object} data The profile data."," * @returns {Object} The cleaned up data structure."," * @api public"," */","function users(data) {","  if (!data || 'object' !== to.type(data)) return {};","","  //","  // Clean up github information by extracting github user name from the URL and","  // reconstructing it. People can put anything in here, so we just want to make","  // sure that WE decided on the our internal structure, not the users.","  //","  if (data.github) {","    if ('string' !== typeof data.github) {","      delete data.github;","    } else {","      data.github = (extract(data.github) || {}).user;","    }","","    //","    // The user didn't specify a homepage, we're going to default to their","    // Github profile as that is the most interesting for most developers.","    //","    if ('string' === typeof data.github && !data.homepage) {","      data.homepage = 'https://github.com/'+ data.github;","    }","  }","","  //","  // It's possible that the twitter profile is stored with an `@` prefix or with","  // a full URL. We only need the twitter handle as we can construct the URL's","  // our self.","  //","  if (data.twitter) {","    var twitter = /twitter.com\\/[#!@\\/]{0,}([^\\/]+)\\/?/gi;","","    if ('string' !== typeof data.twitter) {","      delete data.twitter;","    } else if (data.twitter.indexOf('@') === 0) {","      data.twitter = data.twitter.slice(1);","    } else if (twitter.test(data.twitter)) {","      data.twitter = twitter.exec(data.twiter)[1];","    } else {","      data.twitter = data.twitter","        .replace(/^@*(.*)/, '$1')","        .replace(/^https?:\\/\\/twitter.com\\//i, '');","    }","  }","","  //","  // Make sure we follow the same gravatar URL pattern as the maintainers in the","  // packages.","  //","  to.gravatar(data);","","  //","  // The fields is way to opinionated and should have existed in the npm's","  // website instead. We're going to remove this as it's only duplicate","  // bullshit.","  //","  delete data.fields;","","  return data;","}","","module.exports = users;",""],"l":{"3":1,"13":1,"14":0,"21":0,"22":0,"23":0,"25":0,"32":0,"33":0,"42":0,"43":0,"45":0,"46":0,"47":0,"48":0,"49":0,"50":0,"52":0,"62":0,"69":0,"71":0,"74":1}},"/home/travis/build/npmtest/node-npmtest-npm-registry/node_modules/npm-registry/endpoints/users.js":{"path":"/home/travis/build/npmtest/node-npmtest-npm-registry/node_modules/npm-registry/endpoints/users.js","s":{"1":1,"2":1,"3":0,"4":0,"5":0,"6":1,"7":0,"8":1,"9":0,"10":0,"11":0,"12":0,"13":0,"14":0,"15":0,"16":0,"17":0,"18":0,"19":0,"20":0,"21":0,"22":0,"23":1,"24":0,"25":0,"26":1,"27":0,"28":0,"29":0,"30":0,"31":0,"32":0,"33":1,"34":0,"35":1,"36":0,"37":1,"38":0,"39":0,"40":1,"41":0,"42":0,"43":0,"44":0,"45":0,"46":0,"47":0,"48":0,"49":0,"50":0,"51":1},"b":{"1":[0,0],"2":[0,0],"3":[0,0],"4":[0,0],"5":[0,0],"6":[0,0],"7":[0,0],"8":[0,0],"9":[0,0],"10":[0,0],"11":[0,0],"12":[0,0],"13":[0,0],"14":[0,0],"15":[0,0]},"f":{"1":0,"2":0,"3":0,"4":0,"5":0,"6":0,"7":0,"8":0,"9":0,"10":0,"11":0},"fnMap":{"1":{"name":"Users","line":12,"loc":{"start":{"line":12,"column":0},"end":{"line":12,"column":20}}},"2":{"name":"add","line":27,"loc":{"start":{"line":27,"column":22},"end":{"line":27,"column":50}}},"3":{"name":"create","line":44,"loc":{"start":{"line":44,"column":25},"end":{"line":44,"column":72}}},"4":{"name":"update","line":81,"loc":{"start":{"line":81,"column":25},"end":{"line":81,"column":63}}},"5":{"name":"rev","line":94,"loc":{"start":{"line":94,"column":2},"end":{"line":94,"column":32}}},"6":{"name":"list","line":115,"loc":{"start":{"line":115,"column":23},"end":{"line":115,"column":47}}},"7":{"name":"starred","line":131,"loc":{"start":{"line":131,"column":26},"end":{"line":131,"column":53}}},"8":{"name":"get","line":147,"loc":{"start":{"line":147,"column":22},"end":{"line":147,"column":49}}},"9":{"name":"sync","line":164,"loc":{"start":{"line":164,"column":23},"end":{"line":164,"column":66}}},"10":{"name":"(anonymous_10)","line":176,"loc":{"start":{"line":176,"column":20},"end":{"line":176,"column":45}}},"11":{"name":"(anonymous_11)","line":177,"loc":{"start":{"line":177,"column":34},"end":{"line":177,"column":56}}}},"statementMap":{"1":{"start":{"line":3,"column":0},"end":{"line":3,"column":40}},"2":{"start":{"line":12,"column":0},"end":{"line":16,"column":1}},"3":{"start":{"line":13,"column":2},"end":{"line":13,"column":17}},"4":{"start":{"line":14,"column":2},"end":{"line":14,"column":33}},"5":{"start":{"line":15,"column":2},"end":{"line":15,"column":33}},"6":{"start":{"line":27,"column":0},"end":{"line":32,"column":2}},"7":{"start":{"line":28,"column":2},"end":{"line":31,"column":9}},"8":{"start":{"line":44,"column":0},"end":{"line":70,"column":2}},"9":{"start":{"line":45,"column":2},"end":{"line":45,"column":48}},"10":{"start":{"line":46,"column":2},"end":{"line":46,"column":48}},"11":{"start":{"line":47,"column":2},"end":{"line":47,"column":42}},"12":{"start":{"line":52,"column":2},"end":{"line":52,"column":58}},"13":{"start":{"line":52,"column":17},"end":{"line":52,"column":58}},"14":{"start":{"line":53,"column":2},"end":{"line":53,"column":85}},"15":{"start":{"line":53,"column":31},"end":{"line":53,"column":85}},"16":{"start":{"line":54,"column":2},"end":{"line":54,"column":52}},"17":{"start":{"line":54,"column":14},"end":{"line":54,"column":52}},"18":{"start":{"line":55,"column":2},"end":{"line":55,"column":74}},"19":{"start":{"line":55,"column":28},"end":{"line":55,"column":74}},"20":{"start":{"line":56,"column":2},"end":{"line":56,"column":58}},"21":{"start":{"line":56,"column":17},"end":{"line":56,"column":58}},"22":{"start":{"line":58,"column":2},"end":{"line":69,"column":9}},"23":{"start":{"line":81,"column":0},"end":{"line":105,"column":2}},"24":{"start":{"line":82,"column":2},"end":{"line":82,"column":71}},"25":{"start":{"line":84,"column":2},"end":{"line":84,"column":19}},"26":{"start":{"line":94,"column":2},"end":{"line":101,"column":3}},"27":{"start":{"line":95,"column":4},"end":{"line":95,"column":28}},"28":{"start":{"line":95,"column":13},"end":{"line":95,"column":28}},"29":{"start":{"line":97,"column":4},"end":{"line":100,"column":11}},"30":{"start":{"line":103,"column":2},"end":{"line":103,"column":59}},"31":{"start":{"line":103,"column":24},"end":{"line":103,"column":59}},"32":{"start":{"line":104,"column":2},"end":{"line":104,"column":34}},"33":{"start":{"line":115,"column":0},"end":{"line":121,"column":2}},"34":{"start":{"line":116,"column":2},"end":{"line":120,"column":19}},"35":{"start":{"line":131,"column":0},"end":{"line":137,"column":2}},"36":{"start":{"line":132,"column":2},"end":{"line":136,"column":19}},"37":{"start":{"line":147,"column":0},"end":{"line":151,"column":2}},"38":{"start":{"line":148,"column":2},"end":{"line":148,"column":71}},"39":{"start":{"line":150,"column":2},"end":{"line":150,"column":54}},"40":{"start":{"line":164,"column":0},"end":{"line":181,"column":2}},"41":{"start":{"line":165,"column":2},"end":{"line":168,"column":3}},"42":{"start":{"line":166,"column":4},"end":{"line":166,"column":17}},"43":{"start":{"line":167,"column":4},"end":{"line":167,"column":19}},"44":{"start":{"line":170,"column":2},"end":{"line":170,"column":26}},"45":{"start":{"line":171,"column":2},"end":{"line":171,"column":54}},"46":{"start":{"line":172,"column":2},"end":{"line":172,"column":70}},"47":{"start":{"line":174,"column":2},"end":{"line":174,"column":18}},"48":{"start":{"line":176,"column":2},"end":{"line":180,"column":5}},"49":{"start":{"line":177,"column":4},"end":{"line":179,"column":11}},"50":{"start":{"line":178,"column":6},"end":{"line":178,"column":35}},"51":{"start":{"line":186,"column":0},"end":{"line":186,"column":23}}},"branchMap":{"1":{"line":45,"type":"binary-expr","locations":[{"start":{"line":45,"column":14},"end":{"line":45,"column":22}},{"start":{"line":45,"column":26},"end":{"line":45,"column":28}}]},"2":{"line":46,"type":"binary-expr","locations":[{"start":{"line":46,"column":14},"end":{"line":46,"column":22}},{"start":{"line":46,"column":26},"end":{"line":46,"column":28}}]},"3":{"line":47,"type":"binary-expr","locations":[{"start":{"line":47,"column":11},"end":{"line":47,"column":16}},{"start":{"line":47,"column":20},"end":{"line":47,"column":22}}]},"4":{"line":52,"type":"if","locations":[{"start":{"line":52,"column":2},"end":{"line":52,"column":2}},{"start":{"line":52,"column":2},"end":{"line":52,"column":2}}]},"5":{"line":53,"type":"if","locations":[{"start":{"line":53,"column":2},"end":{"line":53,"column":2}},{"start":{"line":53,"column":2},"end":{"line":53,"column":2}}]},"6":{"line":54,"type":"if","locations":[{"start":{"line":54,"column":2},"end":{"line":54,"column":2}},{"start":{"line":54,"column":2},"end":{"line":54,"column":2}}]},"7":{"line":55,"type":"if","locations":[{"start":{"line":55,"column":2},"end":{"line":55,"column":2}},{"start":{"line":55,"column":2},"end":{"line":55,"column":2}}]},"8":{"line":56,"type":"if","locations":[{"start":{"line":56,"column":2},"end":{"line":56,"column":2}},{"start":{"line":56,"column":2},"end":{"line":56,"column":2}}]},"9":{"line":95,"type":"if","locations":[{"start":{"line":95,"column":4},"end":{"line":95,"column":4}},{"start":{"line":95,"column":4},"end":{"line":95,"column":4}}]},"10":{"line":99,"type":"binary-expr","locations":[{"start":{"line":99,"column":28},"end":{"line":99,"column":32}},{"start":{"line":99,"column":36},"end":{"line":99,"column":38}}]},"11":{"line":103,"type":"if","locations":[{"start":{"line":103,"column":2},"end":{"line":103,"column":2}},{"start":{"line":103,"column":2},"end":{"line":103,"column":2}}]},"12":{"line":165,"type":"if","locations":[{"start":{"line":165,"column":2},"end":{"line":165,"column":2}},{"start":{"line":165,"column":2},"end":{"line":165,"column":2}}]},"13":{"line":170,"type":"binary-expr","locations":[{"start":{"line":170,"column":12},"end":{"line":170,"column":19}},{"start":{"line":170,"column":23},"end":{"line":170,"column":25}}]},"14":{"line":171,"type":"cond-expr","locations":[{"start":{"line":171,"column":35},"end":{"line":171,"column":46}},{"start":{"line":171,"column":49},"end":{"line":171,"column":53}}]},"15":{"line":172,"type":"cond-expr","locations":[{"start":{"line":172,"column":45},"end":{"line":172,"column":61}},{"start":{"line":172,"column":64},"end":{"line":172,"column":69}}]}},"code":["'use strict';","","var normalize = require('../normalize');","","/**"," * Access users based request information."," *"," * @constructor"," * @param {Registry} api Reference to the wrapping registry."," * @api private"," */","function Users(api) {","  this.api = api;","  this.send = api.send.bind(api);","  this.view = api.view.bind(api);","}","","/**"," * Add a user as maintainer of a package."," *"," * @param {String} name The user's name who needs to own the package."," * @param {String} pkg The module it should become an owner off."," * @param {Function} fn The callback."," * @returns {Assign}"," * @api public"," */","Users.prototype.add = function add(name, pkg, fn) {","  return this.send(name, {","    method: 'PUT',","    json: {}","  }, fn);","};","","/**"," * Create a new npm account."," *"," * @param {String} username The desired user name."," * @param {String} email Accounts email."," * @param {String} password Account password."," * @param {Function} fn Callback."," * @returns {Assign}"," * @api public"," */","Users.prototype.create = function create(username, email, password, fn) {","  password = (password || '').toString().trim();","  username = (username || '').toString().trim();","  email = (email || '').toString().trim();","","  //","  // @TODO this will break our Assign return flow, making chaining impossible.","  //","  if (!password) return fn(new Error('Missing password'));","  if (!~password.indexOf(':')) return fn(new Error('Password cannot contain a `:`'));","  if (!email) return fn(new Error('Missing email'));","  if (!~email.indexOf('@')) return fn(new Error('Invalid email address'));","  if (!username) return fn(new Error('Missing username'));","","  return this.send('/-/user/org.couchdb.user:'+ encodeURIComponent(username), {","    method: 'PUT',","    json: {","        _id: 'org.couchdb.user:'+ username","      , date: (new Date()).toISOString()","      , email: email","      , name: username","      , password: password","      , roles: []","      , type: 'user'","    }","  }, fn);","};","","/**"," * Update the user."," *"," * @param {String} username The user's name."," * @param {Object} fields The fields we want to add."," * @param {Function} fn Completion callback."," * @returns {Assign}"," * @api public"," */","Users.prototype.update = function update(username, fields, fn) {","  username = '/-/user/org.couchdb.user:'+ encodeURIComponent(username);","","  var users = this;","","  /**","   * Small helper function to handle revisions in CouchDB.","   *","   * @param {Error} err An optional error object.","   * @param {String} _rev The current rev in the CouchDB.","   * @param {Object} data Optional data.","   * @api private","   */","  function rev(err, _rev, data) {","    if (err) return fn(err);","","    return users.send(username +'/-rev/'+ _rev, {","      method: 'PUT',","      json: users.api.merge(data || {}, fields)","    }, fn);","  }","","  if ('_rev' in fields) return rev(undefined, fields._rev);","  return this.send(username, rev);","};","","/**"," * List all packages for the given name."," *"," * @param {String} name The user's name who's packages we want to list."," * @param {Function} fn The callback."," * @returns {Assign}"," * @api public"," */","Users.prototype.list = function list(name, fn) {","  return this.view('browseAuthors', {","    key: name","  }, fn)","  .map(this.api.map.simple)","  .filter(Boolean);","};","","/**"," * List all packages that the user has starred."," *"," * @param {String} name The user's name"," * @param {Function} fn The callback."," * @returns {Assign}"," * @api public"," */","Users.prototype.starred = function starred(name, fn) {","  return this.view('browseStarUser', {","    key: name","  }, fn)","  .map(this.api.map.simple)","  .filter(Boolean);","};","","/**"," * Get profile information."," *"," * @param {String} username The user's name."," * @param {Function} fn The callback."," * @returns {Assign}"," * @api public"," */","Users.prototype.get = function get(username, fn) {","  username = '/-/user/org.couchdb.user:'+ encodeURIComponent(username);","","  return this.send(username, fn).map(normalize.users);","};","","/**"," * Sync ownership of npm modules with another account. This is useful if you"," * have one base owner of modules like a corporate account and you want to"," * on-board a new user."," *"," * @param {String} source The user's packages that needs to be synced."," * @param {String} target The user who needs to have ownership."," * @param {Object} options Configuration of the sync process."," * @returns {Assign}"," * @api public"," */","Users.prototype.sync = function sync(source, target, options, fn) {","  if ('function' === typeof options) {","    fn = options;","    options = null;","  }","","  options = options || {};","  options.add = 'add' in options ? options.add : true;","  options.packages = 'packages' in options ? options.packages : false;","","  var user = this;","","  this.list(source, function (err, packages) {","    user.api.async.each(packages, function (name, next) {","      user.add(target, name, next);","    }, fn);","  });","};","","//","// Expose module.","//","module.exports = Users;",""],"l":{"3":1,"12":1,"13":0,"14":0,"15":0,"27":1,"28":0,"44":1,"45":0,"46":0,"47":0,"52":0,"53":0,"54":0,"55":0,"56":0,"58":0,"81":1,"82":0,"84":0,"94":1,"95":0,"97":0,"103":0,"104":0,"115":1,"116":0,"131":1,"132":0,"147":1,"148":0,"150":0,"164":1,"165":0,"166":0,"167":0,"170":0,"171":0,"172":0,"174":0,"176":0,"177":0,"178":0,"186":1}}}